Using pre-set license
Built from '2021.3/staging' branch; Version is '2021.3.26f1 (a16dc32e0ff2) revision 10579395'; Using compiler version '192829333'; Build Type 'Release'
OS: 'Windows 11  (10.0.22621) 64bit Core' Language: 'es' Physical Memory: 16147 MB
BatchMode: 1, IsHumanControllingUs: 0, StartBugReporterOnCrash: 0, Is64bit: 1, IsPro: 1

COMMAND LINE ARGUMENTS:
C:\Program Files\Unity\Hub\Editor\2021.3.26f1\Editor\Unity.exe
-adb2
-batchMode
-noUpm
-name
AssetImportWorker4
-projectPath
C:/Trabajos/Unity/NinjaAdventure/NinjaAdventure
-logFile
Logs/AssetImportWorker4.log
-srvPort
50220
Successfully changed project path to: C:/Trabajos/Unity/NinjaAdventure/NinjaAdventure
C:/Trabajos/Unity/NinjaAdventure/NinjaAdventure
[UnityMemory] Configuration Parameters - Can be set up in boot.config
    "memorysetup-bucket-allocator-granularity=16"
    "memorysetup-bucket-allocator-bucket-count=8"
    "memorysetup-bucket-allocator-block-size=33554432"
    "memorysetup-bucket-allocator-block-count=8"
    "memorysetup-main-allocator-block-size=16777216"
    "memorysetup-thread-allocator-block-size=16777216"
    "memorysetup-gfx-main-allocator-block-size=16777216"
    "memorysetup-gfx-thread-allocator-block-size=16777216"
    "memorysetup-cache-allocator-block-size=4194304"
    "memorysetup-typetree-allocator-block-size=2097152"
    "memorysetup-profiler-bucket-allocator-granularity=16"
    "memorysetup-profiler-bucket-allocator-bucket-count=8"
    "memorysetup-profiler-bucket-allocator-block-size=33554432"
    "memorysetup-profiler-bucket-allocator-block-count=8"
    "memorysetup-profiler-allocator-block-size=16777216"
    "memorysetup-profiler-editor-allocator-block-size=1048576"
    "memorysetup-temp-allocator-size-main=16777216"
    "memorysetup-job-temp-allocator-block-size=2097152"
    "memorysetup-job-temp-allocator-block-size-background=1048576"
    "memorysetup-job-temp-allocator-reduction-small-platforms=262144"
    "memorysetup-temp-allocator-size-background-worker=32768"
    "memorysetup-temp-allocator-size-job-worker=262144"
    "memorysetup-temp-allocator-size-preload-manager=33554432"
    "memorysetup-temp-allocator-size-nav-mesh-worker=65536"
    "memorysetup-temp-allocator-size-audio-worker=65536"
    "memorysetup-temp-allocator-size-cloud-worker=32768"
    "memorysetup-temp-allocator-size-gi-baking-worker=262144"
    "memorysetup-temp-allocator-size-gfx=262144"
Player connection [24616] Host "[IP] 192.168.1.127 [Port] 0 [Flags] 2 [Guid] 1718303583 [EditorId] 1718303583 [Version] 1048832 [Id] WindowsEditor(7,Laptop-Gabriel) [Debug] 1 [PackageName] WindowsEditor [ProjectName] Editor" joined multi-casting on [225.0.0.222:54997]...

Player connection [24616] Host "[IP] 192.168.1.127 [Port] 0 [Flags] 2 [Guid] 1718303583 [EditorId] 1718303583 [Version] 1048832 [Id] WindowsEditor(7,Laptop-Gabriel) [Debug] 1 [PackageName] WindowsEditor [ProjectName] Editor" joined alternative multi-casting on [225.0.0.222:34997]...

Refreshing native plugins compatible for Editor in 122.25 ms, found 4 plugins.
Preloading 0 native plugins for Editor in 0.00 ms.
Initialize engine version: 2021.3.26f1 (a16dc32e0ff2)
[Subsystems] Discovering subsystems at path C:/Program Files/Unity/Hub/Editor/2021.3.26f1/Editor/Data/Resources/UnitySubsystems
[Subsystems] Discovering subsystems at path C:/Trabajos/Unity/NinjaAdventure/NinjaAdventure/Assets
GfxDevice: creating device client; threaded=0; jobified=0
Direct3D:
    Version:  Direct3D 11.0 [level 11.1]
    Renderer: NVIDIA GeForce GTX 1650 (ID=0x1f9d)
    Vendor:   NVIDIA
    VRAM:     3962 MB
    Driver:   31.0.15.1748
Initialize mono
Mono path[0] = 'C:/Program Files/Unity/Hub/Editor/2021.3.26f1/Editor/Data/Managed'
Mono path[1] = 'C:/Program Files/Unity/Hub/Editor/2021.3.26f1/Editor/Data/MonoBleedingEdge/lib/mono/unityjit-win32'
Mono config path = 'C:/Program Files/Unity/Hub/Editor/2021.3.26f1/Editor/Data/MonoBleedingEdge/etc'
Using monoOptions --debugger-agent=transport=dt_socket,embedding=1,server=y,suspend=n,address=127.0.0.1:56892
Begin MonoManager ReloadAssembly
Registering precompiled unity dll's ...
Register platform support module: C:/Program Files/Unity/Hub/Editor/2021.3.26f1/Editor/Data/PlaybackEngines/WebGLSupport/UnityEditor.WebGL.Extensions.dll
Register platform support module: C:/Program Files/Unity/Hub/Editor/2021.3.26f1/Editor/Data/PlaybackEngines/WindowsStandaloneSupport/UnityEditor.WindowsStandalone.Extensions.dll
Registered in 0.008228 seconds.
Native extension for WindowsStandalone target not found
Native extension for WebGL target not found
Refreshing native plugins compatible for Editor in 127.72 ms, found 4 plugins.
Preloading 0 native plugins for Editor in 0.00 ms.
Mono: successfully reloaded assembly
- Completed reload, in  0.902 seconds
Domain Reload Profiling:
	ReloadAssembly (903ms)
		BeginReloadAssembly (122ms)
			ExecutionOrderSort (0ms)
			DisableScriptedObjects (0ms)
			BackupInstance (0ms)
			ReleaseScriptingObjects (0ms)
			CreateAndSetChildDomain (1ms)
		EndReloadAssembly (646ms)
			LoadAssemblies (118ms)
			RebuildTransferFunctionScriptingTraits (0ms)
			SetupTypeCache (182ms)
			ReleaseScriptCaches (0ms)
			RebuildScriptCaches (38ms)
			SetupLoadedEditorAssemblies (350ms)
				LogAssemblyErrors (0ms)
				InitializePlatformSupportModulesInManaged (10ms)
				SetLoadedEditorAssemblies (0ms)
				RefreshPlugins (128ms)
				BeforeProcessingInitializeOnLoad (2ms)
				ProcessInitializeOnLoadAttributes (150ms)
				ProcessInitializeOnLoadMethodAttributes (60ms)
				AfterProcessingInitializeOnLoad (0ms)
				EditorAssembliesLoaded (0ms)
			ExecutionOrderSort2 (0ms)
			AwakeInstancesAfterBackupRestoration (0ms)
Platform modules already initialized, skipping
Registering precompiled user dll's ...
Registered in 0.012747 seconds.
Begin MonoManager ReloadAssembly
Symbol file LoadedFromMemory doesn't match image C:\Trabajos\Unity\NinjaAdventure\NinjaAdventure\Library\PackageCache\com.unity.visualscripting@1.8.0\Editor\VisualScripting.Core\Dependencies\YamlDotNet\Unity.VisualScripting.YamlDotNet.dll
Symbol file LoadedFromMemory doesn't match image C:\Trabajos\Unity\NinjaAdventure\NinjaAdventure\Library\PackageCache\com.unity.visualscripting@1.8.0\Editor\VisualScripting.Core\Dependencies\DotNetZip\Unity.VisualScripting.IonicZip.dll
Native extension for WindowsStandalone target not found
Native extension for WebGL target not found
Refreshing native plugins compatible for Editor in 114.57 ms, found 4 plugins.
Preloading 0 native plugins for Editor in 0.00 ms.
Mono: successfully reloaded assembly
- Completed reload, in  1.616 seconds
Domain Reload Profiling:
	ReloadAssembly (1617ms)
		BeginReloadAssembly (154ms)
			ExecutionOrderSort (0ms)
			DisableScriptedObjects (8ms)
			BackupInstance (0ms)
			ReleaseScriptingObjects (0ms)
			CreateAndSetChildDomain (24ms)
		EndReloadAssembly (1310ms)
			LoadAssemblies (120ms)
			RebuildTransferFunctionScriptingTraits (0ms)
			SetupTypeCache (386ms)
			ReleaseScriptCaches (1ms)
			RebuildScriptCaches (86ms)
			SetupLoadedEditorAssemblies (651ms)
				LogAssemblyErrors (0ms)
				InitializePlatformSupportModulesInManaged (7ms)
				SetLoadedEditorAssemblies (0ms)
				RefreshPlugins (115ms)
				BeforeProcessingInitializeOnLoad (145ms)
				ProcessInitializeOnLoadAttributes (318ms)
				ProcessInitializeOnLoadMethodAttributes (58ms)
				AfterProcessingInitializeOnLoad (8ms)
				EditorAssembliesLoaded (0ms)
			ExecutionOrderSort2 (0ms)
			AwakeInstancesAfterBackupRestoration (9ms)
Platform modules already initialized, skipping
========================================================================
Worker process is ready to serve import requests
Launched and connected shader compiler UnityShaderCompiler.exe after 0.09 seconds
Refreshing native plugins compatible for Editor in 0.91 ms, found 4 plugins.
Preloading 0 native plugins for Editor in 0.00 ms.
Unloading 3794 Unused Serialized files (Serialized files now loaded: 0)
Unloading 35 unused Assets / (56.1 KB). Loaded Objects now: 4254.
Memory consumption went from 146.4 MB to 146.3 MB.
Total: 4.180000 ms (FindLiveObjects: 0.348900 ms CreateObjectMapping: 0.134500 ms MarkObjects: 3.580900 ms  DeleteObjects: 0.114400 ms)

AssetImportParameters requested are different than current active one (requested -> active):
  custom:video-decoder-ogg-theora: a1e56fd34408186e4bbccfd4996cb3dc -> 
  custom:container-muxer-webm: aa71ff27fc2769a1b78a27578f13a17b -> 
  custom:container-demuxer-webm: 4f35f7cbe854078d1ac9338744f61a02 -> 
  custom:video-encoder-webm-vp8: eb34c28f22e8b96e1ab97ce403110664 -> 
  custom:audio-encoder-webm-vorbis: bf7c407c2cedff20999df2af8eb42d56 -> 
  custom:framework-win-MediaFoundation: 216162199b28c13a410421893ffa2e32 -> 
  custom:container-demuxer-ogg: 62fdf1f143b41e24485cea50d1cbac27 -> 
  custom:video-decoder-webm-vp8: 9c59270c3fd7afecdb556c50c9e8de78 -> 
  custom:audio-decoder-ogg-vorbis: bf7c407c2cedff20999df2af8eb42d56 -> 
========================================================================
Received Import Request.
  Time since last request: 1438679.441987 seconds.
  path: Assets/Sprites/Items/Tesoros/LlaveDorada.png
  artifactKey: Guid(573f3611d4cfc764fa6aedc2f857de08) Importer(815301076,1909f56bfc062723c751e8b465ee728b)
Start importing Assets/Sprites/Items/Tesoros/LlaveDorada.png using Guid(573f3611d4cfc764fa6aedc2f857de08) Importer(815301076,1909f56bfc062723c751e8b465ee728b)  -> (artifact id: '0ccb3af8c90cf0b0f2d276676c4dad10') in 0.154622 seconds 
========================================================================
Received Import Request.
  Time since last request: 122.883444 seconds.
  path: Assets/Sprites/Mapa/Interiores/Mapa_Interiores.png
  artifactKey: Guid(dd0c61c0dbb4fc84db8722d089396b25) Importer(815301076,1909f56bfc062723c751e8b465ee728b)
Start importing Assets/Sprites/Mapa/Interiores/Mapa_Interiores.png using Guid(dd0c61c0dbb4fc84db8722d089396b25) Importer(815301076,1909f56bfc062723c751e8b465ee728b)  -> (artifact id: '6eb4bb70a6e6de0ea708f22d687e6f10') in 0.143697 seconds 
========================================================================
Received Import Request.
  Time since last request: 6.971004 seconds.
  path: Assets/Tiles/RPG.prefab
  artifactKey: Guid(5c74f024478e22548ba206d50774e228) Importer(815301076,1909f56bfc062723c751e8b465ee728b)
Start importing Assets/Tiles/RPG.prefab using Guid(5c74f024478e22548ba206d50774e228) Importer(815301076,1909f56bfc062723c751e8b465ee728b)  -> (artifact id: '57627b5805368860049bebd010a35acd') in 0.095281 seconds 
========================================================================
Received Import Request.
  Time since last request: 12.722914 seconds.
  path: Assets/Sprites/Personajes/NPC/Niño/SpriteSheet.png
  artifactKey: Guid(68a89675f4427d74da95024435493afd) Importer(815301076,1909f56bfc062723c751e8b465ee728b)
Start importing Assets/Sprites/Personajes/NPC/Niño/SpriteSheet.png using Guid(68a89675f4427d74da95024435493afd) Importer(815301076,1909f56bfc062723c751e8b465ee728b)  -> (artifact id: '0b79d26e690438bad2572dd6138cef88') in 0.035595 seconds 
========================================================================
Received Import Request.
  Time since last request: 0.000039 seconds.
  path: Assets/Sprites/Mapa/TilesetNature.png
  artifactKey: Guid(48ebf160385691146929ff2307ae2131) Importer(815301076,1909f56bfc062723c751e8b465ee728b)
Start importing Assets/Sprites/Mapa/TilesetNature.png using Guid(48ebf160385691146929ff2307ae2131) Importer(815301076,1909f56bfc062723c751e8b465ee728b)  -> (artifact id: '5e5f6f133b6042843d9d06c55e52c820') in 0.030869 seconds 
========================================================================
Received Import Request.
  Time since last request: 0.000030 seconds.
  path: Assets/Sprites/UI/Dialog/YesButton.png
  artifactKey: Guid(6fc4546b53d76534eb69d5568f49f4f9) Importer(815301076,1909f56bfc062723c751e8b465ee728b)
Start importing Assets/Sprites/UI/Dialog/YesButton.png using Guid(6fc4546b53d76534eb69d5568f49f4f9) Importer(815301076,1909f56bfc062723c751e8b465ee728b)  -> (artifact id: '79590952f54013e9aee5470d64a215d4') in 0.023060 seconds 
========================================================================
Received Import Request.
  Time since last request: 0.000032 seconds.
  path: Assets/Sprites/Mapa/TilesetHouse.png
  artifactKey: Guid(96456944179cf9c4da11f5d160060693) Importer(815301076,1909f56bfc062723c751e8b465ee728b)
Start importing Assets/Sprites/Mapa/TilesetHouse.png using Guid(96456944179cf9c4da11f5d160060693) Importer(815301076,1909f56bfc062723c751e8b465ee728b)  -> (artifact id: '44e24af3db3766be47d5352a6aa754d7') in 0.038712 seconds 
========================================================================
Received Import Request.
  Time since last request: 167.700043 seconds.
  path: Assets/Sprites/Items/Ingredientes/Sushi.png
  artifactKey: Guid(b35c4a31b99dd5244852d35a90fb80e3) Importer(815301076,1909f56bfc062723c751e8b465ee728b)
Start importing Assets/Sprites/Items/Ingredientes/Sushi.png using Guid(b35c4a31b99dd5244852d35a90fb80e3) Importer(815301076,1909f56bfc062723c751e8b465ee728b)  -> (artifact id: '54381c105b2ce8f25a7732ffc9e4717e') in 0.026262 seconds 
========================================================================
Received Import Request.
  Time since last request: 251.554956 seconds.
  path: ProjectSettings/TagManager.asset
  artifactKey: Guid(00000000000000003000000000000000) Importer(815301076,1909f56bfc062723c751e8b465ee728b)
Start importing ProjectSettings/TagManager.asset using Guid(00000000000000003000000000000000) Importer(815301076,1909f56bfc062723c751e8b465ee728b)  -> (artifact id: '5f74b9f0782f3ffe8a654b2b60a9f33c') in 0.014764 seconds 
========================================================================
Received Import Request.
  Time since last request: 138.622227 seconds.
  path: Assets/Sprites/Mapa/TilesetElement.png
  artifactKey: Guid(f8a22c5dc3e3ed047b3a37510bf39213) Importer(815301076,1909f56bfc062723c751e8b465ee728b)
Start importing Assets/Sprites/Mapa/TilesetElement.png using Guid(f8a22c5dc3e3ed047b3a37510bf39213) Importer(815301076,1909f56bfc062723c751e8b465ee728b)  -> (artifact id: 'a1451a608fef1c708ddc1ebd5afb6bc4') in 0.023233 seconds 
========================================================================
Received Import Request.
  Time since last request: 93.553421 seconds.
  path: Assets/Sprites/Mapa/TilesetElement.png
  artifactKey: Guid(f8a22c5dc3e3ed047b3a37510bf39213) Importer(815301076,1909f56bfc062723c751e8b465ee728b)
Start importing Assets/Sprites/Mapa/TilesetElement.png using Guid(f8a22c5dc3e3ed047b3a37510bf39213) Importer(815301076,1909f56bfc062723c751e8b465ee728b)  -> (artifact id: '577271be2754686065b2fa37132cd634') in 0.264758 seconds 
========================================================================
Received Import Request.
  Time since last request: 26.377542 seconds.
  path: Assets/Sprites/Mapa/TilesetElement.png
  artifactKey: Guid(f8a22c5dc3e3ed047b3a37510bf39213) Importer(815301076,1909f56bfc062723c751e8b465ee728b)
Start importing Assets/Sprites/Mapa/TilesetElement.png using Guid(f8a22c5dc3e3ed047b3a37510bf39213) Importer(815301076,1909f56bfc062723c751e8b465ee728b)  -> (artifact id: '685bc29307a3f00c1c3a72d8d475d816') in 0.196477 seconds 
========================================================================
Received Import Request.
  Time since last request: 6.395333 seconds.
  path: Assets/Sprites/Mapa
  artifactKey: Guid(b12e0248ef42baa4baad3d3bf23756a9) Importer(815301076,1909f56bfc062723c751e8b465ee728b)
Start importing Assets/Sprites/Mapa using Guid(b12e0248ef42baa4baad3d3bf23756a9) Importer(815301076,1909f56bfc062723c751e8b465ee728b)  -> (artifact id: '00d3999fcf3a3282ff970a381227dd35') in 0.012340 seconds 
========================================================================
Received Prepare
Registering precompiled user dll's ...
Registered in 0.009625 seconds.
Begin MonoManager ReloadAssembly
Symbol file LoadedFromMemory doesn't match image C:\Trabajos\Unity\NinjaAdventure\NinjaAdventure\Library\PackageCache\com.unity.visualscripting@1.8.0\Editor\VisualScripting.Core\Dependencies\YamlDotNet\Unity.VisualScripting.YamlDotNet.dll
Symbol file LoadedFromMemory doesn't match image C:\Trabajos\Unity\NinjaAdventure\NinjaAdventure\Library\PackageCache\com.unity.visualscripting@1.8.0\Editor\VisualScripting.Core\Dependencies\DotNetZip\Unity.VisualScripting.IonicZip.dll
Native extension for WindowsStandalone target not found
Native extension for WebGL target not found
Refreshing native plugins compatible for Editor in 0.86 ms, found 4 plugins.
Preloading 0 native plugins for Editor in 0.00 ms.
Mono: successfully reloaded assembly
- Completed reload, in  1.250 seconds
Domain Reload Profiling:
	ReloadAssembly (1251ms)
		BeginReloadAssembly (175ms)
			ExecutionOrderSort (0ms)
			DisableScriptedObjects (8ms)
			BackupInstance (0ms)
			ReleaseScriptingObjects (0ms)
			CreateAndSetChildDomain (52ms)
		EndReloadAssembly (955ms)
			LoadAssemblies (111ms)
			RebuildTransferFunctionScriptingTraits (0ms)
			SetupTypeCache (318ms)
			ReleaseScriptCaches (3ms)
			RebuildScriptCaches (62ms)
			SetupLoadedEditorAssemblies (403ms)
				LogAssemblyErrors (0ms)
				InitializePlatformSupportModulesInManaged (7ms)
				SetLoadedEditorAssemblies (1ms)
				RefreshPlugins (1ms)
				BeforeProcessingInitializeOnLoad (89ms)
				ProcessInitializeOnLoadAttributes (242ms)
				ProcessInitializeOnLoadMethodAttributes (50ms)
				AfterProcessingInitializeOnLoad (13ms)
				EditorAssembliesLoaded (0ms)
			ExecutionOrderSort2 (0ms)
			AwakeInstancesAfterBackupRestoration (13ms)
Platform modules already initialized, skipping
Refreshing native plugins compatible for Editor in 3.61 ms, found 4 plugins.
Preloading 0 native plugins for Editor in 0.00 ms.
Unloading 3770 Unused Serialized files (Serialized files now loaded: 0)
Unloading 23 unused Assets / (24.6 KB). Loaded Objects now: 4362.
Memory consumption went from 148.5 MB to 148.5 MB.
Total: 3.606600 ms (FindLiveObjects: 0.337900 ms CreateObjectMapping: 0.147300 ms MarkObjects: 3.091200 ms  DeleteObjects: 0.029200 ms)

AssetImportParameters requested are different than current active one (requested -> active):
  custom:video-decoder-ogg-theora: a1e56fd34408186e4bbccfd4996cb3dc -> 
  custom:container-muxer-webm: aa71ff27fc2769a1b78a27578f13a17b -> 
  custom:container-demuxer-webm: 4f35f7cbe854078d1ac9338744f61a02 -> 
  custom:video-encoder-webm-vp8: eb34c28f22e8b96e1ab97ce403110664 -> 
  custom:audio-encoder-webm-vorbis: bf7c407c2cedff20999df2af8eb42d56 -> 
  custom:framework-win-MediaFoundation: 216162199b28c13a410421893ffa2e32 -> 
  custom:container-demuxer-ogg: 62fdf1f143b41e24485cea50d1cbac27 -> 
  custom:video-decoder-webm-vp8: 9c59270c3fd7afecdb556c50c9e8de78 -> 
  custom:audio-decoder-ogg-vorbis: bf7c407c2cedff20999df2af8eb42d56 -> 
========================================================================
Received Prepare
Registering precompiled user dll's ...
Registered in 0.008960 seconds.
Begin MonoManager ReloadAssembly
Symbol file LoadedFromMemory doesn't match image C:\Trabajos\Unity\NinjaAdventure\NinjaAdventure\Library\PackageCache\com.unity.visualscripting@1.8.0\Editor\VisualScripting.Core\Dependencies\YamlDotNet\Unity.VisualScripting.YamlDotNet.dll
Symbol file LoadedFromMemory doesn't match image C:\Trabajos\Unity\NinjaAdventure\NinjaAdventure\Library\PackageCache\com.unity.visualscripting@1.8.0\Editor\VisualScripting.Core\Dependencies\DotNetZip\Unity.VisualScripting.IonicZip.dll
Native extension for WindowsStandalone target not found
Native extension for WebGL target not found
Refreshing native plugins compatible for Editor in 1.97 ms, found 4 plugins.
Preloading 0 native plugins for Editor in 0.00 ms.
Mono: successfully reloaded assembly
- Completed reload, in  1.271 seconds
Domain Reload Profiling:
	ReloadAssembly (1273ms)
		BeginReloadAssembly (170ms)
			ExecutionOrderSort (0ms)
			DisableScriptedObjects (11ms)
			BackupInstance (0ms)
			ReleaseScriptingObjects (0ms)
			CreateAndSetChildDomain (41ms)
		EndReloadAssembly (976ms)
			LoadAssemblies (110ms)
			RebuildTransferFunctionScriptingTraits (0ms)
			SetupTypeCache (306ms)
			ReleaseScriptCaches (4ms)
			RebuildScriptCaches (61ms)
			SetupLoadedEditorAssemblies (436ms)
				LogAssemblyErrors (0ms)
				InitializePlatformSupportModulesInManaged (9ms)
				SetLoadedEditorAssemblies (1ms)
				RefreshPlugins (2ms)
				BeforeProcessingInitializeOnLoad (92ms)
				ProcessInitializeOnLoadAttributes (277ms)
				ProcessInitializeOnLoadMethodAttributes (46ms)
				AfterProcessingInitializeOnLoad (8ms)
				EditorAssembliesLoaded (0ms)
			ExecutionOrderSort2 (0ms)
			AwakeInstancesAfterBackupRestoration (9ms)
Platform modules already initialized, skipping
Refreshing native plugins compatible for Editor in 4.07 ms, found 4 plugins.
Preloading 0 native plugins for Editor in 0.00 ms.
Unloading 3770 Unused Serialized files (Serialized files now loaded: 0)
Unloading 22 unused Assets / (24.6 KB). Loaded Objects now: 4365.
Memory consumption went from 148.5 MB to 148.5 MB.
Total: 4.450100 ms (FindLiveObjects: 0.320300 ms CreateObjectMapping: 0.132600 ms MarkObjects: 3.963800 ms  DeleteObjects: 0.031800 ms)

AssetImportParameters requested are different than current active one (requested -> active):
  custom:video-decoder-ogg-theora: a1e56fd34408186e4bbccfd4996cb3dc -> 
  custom:container-muxer-webm: aa71ff27fc2769a1b78a27578f13a17b -> 
  custom:container-demuxer-webm: 4f35f7cbe854078d1ac9338744f61a02 -> 
  custom:video-encoder-webm-vp8: eb34c28f22e8b96e1ab97ce403110664 -> 
  custom:audio-encoder-webm-vorbis: bf7c407c2cedff20999df2af8eb42d56 -> 
  custom:framework-win-MediaFoundation: 216162199b28c13a410421893ffa2e32 -> 
  custom:container-demuxer-ogg: 62fdf1f143b41e24485cea50d1cbac27 -> 
  custom:video-decoder-webm-vp8: 9c59270c3fd7afecdb556c50c9e8de78 -> 
  custom:audio-decoder-ogg-vorbis: bf7c407c2cedff20999df2af8eb42d56 -> 
========================================================================
Received Prepare
Registering precompiled user dll's ...
Registered in 0.007014 seconds.
Begin MonoManager ReloadAssembly
Symbol file LoadedFromMemory doesn't match image C:\Trabajos\Unity\NinjaAdventure\NinjaAdventure\Library\PackageCache\com.unity.visualscripting@1.8.0\Editor\VisualScripting.Core\Dependencies\YamlDotNet\Unity.VisualScripting.YamlDotNet.dll
Symbol file LoadedFromMemory doesn't match image C:\Trabajos\Unity\NinjaAdventure\NinjaAdventure\Library\PackageCache\com.unity.visualscripting@1.8.0\Editor\VisualScripting.Core\Dependencies\DotNetZip\Unity.VisualScripting.IonicZip.dll
Native extension for WindowsStandalone target not found
Native extension for WebGL target not found
Refreshing native plugins compatible for Editor in 0.82 ms, found 4 plugins.
Preloading 0 native plugins for Editor in 0.00 ms.
Mono: successfully reloaded assembly
- Completed reload, in  1.266 seconds
Domain Reload Profiling:
	ReloadAssembly (1266ms)
		BeginReloadAssembly (177ms)
			ExecutionOrderSort (0ms)
			DisableScriptedObjects (12ms)
			BackupInstance (0ms)
			ReleaseScriptingObjects (0ms)
			CreateAndSetChildDomain (48ms)
		EndReloadAssembly (961ms)
			LoadAssemblies (110ms)
			RebuildTransferFunctionScriptingTraits (0ms)
			SetupTypeCache (320ms)
			ReleaseScriptCaches (2ms)
			RebuildScriptCaches (56ms)
			SetupLoadedEditorAssemblies (420ms)
				LogAssemblyErrors (0ms)
				InitializePlatformSupportModulesInManaged (9ms)
				SetLoadedEditorAssemblies (0ms)
				RefreshPlugins (1ms)
				BeforeProcessingInitializeOnLoad (94ms)
				ProcessInitializeOnLoadAttributes (248ms)
				ProcessInitializeOnLoadMethodAttributes (55ms)
				AfterProcessingInitializeOnLoad (12ms)
				EditorAssembliesLoaded (0ms)
			ExecutionOrderSort2 (0ms)
			AwakeInstancesAfterBackupRestoration (8ms)
Platform modules already initialized, skipping
Refreshing native plugins compatible for Editor in 2.64 ms, found 4 plugins.
Preloading 0 native plugins for Editor in 0.00 ms.
Unloading 3770 Unused Serialized files (Serialized files now loaded: 0)
Unloading 22 unused Assets / (24.5 KB). Loaded Objects now: 4368.
Memory consumption went from 148.5 MB to 148.5 MB.
Total: 3.777400 ms (FindLiveObjects: 0.443200 ms CreateObjectMapping: 0.130000 ms MarkObjects: 3.170900 ms  DeleteObjects: 0.031700 ms)

AssetImportParameters requested are different than current active one (requested -> active):
  custom:video-decoder-ogg-theora: a1e56fd34408186e4bbccfd4996cb3dc -> 
  custom:container-muxer-webm: aa71ff27fc2769a1b78a27578f13a17b -> 
  custom:container-demuxer-webm: 4f35f7cbe854078d1ac9338744f61a02 -> 
  custom:video-encoder-webm-vp8: eb34c28f22e8b96e1ab97ce403110664 -> 
  custom:audio-encoder-webm-vorbis: bf7c407c2cedff20999df2af8eb42d56 -> 
  custom:framework-win-MediaFoundation: 216162199b28c13a410421893ffa2e32 -> 
  custom:container-demuxer-ogg: 62fdf1f143b41e24485cea50d1cbac27 -> 
  custom:video-decoder-webm-vp8: 9c59270c3fd7afecdb556c50c9e8de78 -> 
  custom:audio-decoder-ogg-vorbis: bf7c407c2cedff20999df2af8eb42d56 -> 
========================================================================
Received Prepare
Registering precompiled user dll's ...
Registered in 0.009416 seconds.
Begin MonoManager ReloadAssembly
Symbol file LoadedFromMemory doesn't match image C:\Trabajos\Unity\NinjaAdventure\NinjaAdventure\Library\PackageCache\com.unity.visualscripting@1.8.0\Editor\VisualScripting.Core\Dependencies\YamlDotNet\Unity.VisualScripting.YamlDotNet.dll
Symbol file LoadedFromMemory doesn't match image C:\Trabajos\Unity\NinjaAdventure\NinjaAdventure\Library\PackageCache\com.unity.visualscripting@1.8.0\Editor\VisualScripting.Core\Dependencies\DotNetZip\Unity.VisualScripting.IonicZip.dll
Native extension for WindowsStandalone target not found
Native extension for WebGL target not found
Refreshing native plugins compatible for Editor in 0.80 ms, found 4 plugins.
Preloading 0 native plugins for Editor in 0.00 ms.
Mono: successfully reloaded assembly
- Completed reload, in  1.317 seconds
Domain Reload Profiling:
	ReloadAssembly (1317ms)
		BeginReloadAssembly (177ms)
			ExecutionOrderSort (0ms)
			DisableScriptedObjects (9ms)
			BackupInstance (0ms)
			ReleaseScriptingObjects (0ms)
			CreateAndSetChildDomain (50ms)
		EndReloadAssembly (1017ms)
			LoadAssemblies (108ms)
			RebuildTransferFunctionScriptingTraits (0ms)
			SetupTypeCache (323ms)
			ReleaseScriptCaches (3ms)
			RebuildScriptCaches (86ms)
			SetupLoadedEditorAssemblies (424ms)
				LogAssemblyErrors (0ms)
				InitializePlatformSupportModulesInManaged (12ms)
				SetLoadedEditorAssemblies (1ms)
				RefreshPlugins (1ms)
				BeforeProcessingInitializeOnLoad (89ms)
				ProcessInitializeOnLoadAttributes (267ms)
				ProcessInitializeOnLoadMethodAttributes (45ms)
				AfterProcessingInitializeOnLoad (8ms)
				EditorAssembliesLoaded (1ms)
			ExecutionOrderSort2 (0ms)
			AwakeInstancesAfterBackupRestoration (10ms)
Platform modules already initialized, skipping
Refreshing native plugins compatible for Editor in 2.60 ms, found 4 plugins.
Preloading 0 native plugins for Editor in 0.00 ms.
Unloading 3770 Unused Serialized files (Serialized files now loaded: 0)
Unloading 22 unused Assets / (24.6 KB). Loaded Objects now: 4371.
Memory consumption went from 148.5 MB to 148.5 MB.
Total: 4.791500 ms (FindLiveObjects: 0.366400 ms CreateObjectMapping: 0.158100 ms MarkObjects: 4.223800 ms  DeleteObjects: 0.041200 ms)

AssetImportParameters requested are different than current active one (requested -> active):
  custom:video-decoder-ogg-theora: a1e56fd34408186e4bbccfd4996cb3dc -> 
  custom:container-muxer-webm: aa71ff27fc2769a1b78a27578f13a17b -> 
  custom:container-demuxer-webm: 4f35f7cbe854078d1ac9338744f61a02 -> 
  custom:video-encoder-webm-vp8: eb34c28f22e8b96e1ab97ce403110664 -> 
  custom:audio-encoder-webm-vorbis: bf7c407c2cedff20999df2af8eb42d56 -> 
  custom:framework-win-MediaFoundation: 216162199b28c13a410421893ffa2e32 -> 
  custom:container-demuxer-ogg: 62fdf1f143b41e24485cea50d1cbac27 -> 
  custom:video-decoder-webm-vp8: 9c59270c3fd7afecdb556c50c9e8de78 -> 
  custom:audio-decoder-ogg-vorbis: bf7c407c2cedff20999df2af8eb42d56 -> 
========================================================================
Received Import Request.
  Time since last request: 555.698298 seconds.
  path: Assets/Sprites/Mapa/TilesetHouse.png
  artifactKey: Guid(96456944179cf9c4da11f5d160060693) Importer(815301076,1909f56bfc062723c751e8b465ee728b)
Start importing Assets/Sprites/Mapa/TilesetHouse.png using Guid(96456944179cf9c4da11f5d160060693) Importer(815301076,1909f56bfc062723c751e8b465ee728b)  -> (artifact id: '7a1db1d7f8cc16b3d34a1e2075960b15') in 0.094615 seconds 
========================================================================
Received Import Request.
  Time since last request: 73.828034 seconds.
  path: Assets/Sprites/Mapa/TilesetHouse.png
  artifactKey: Guid(96456944179cf9c4da11f5d160060693) Importer(815301076,1909f56bfc062723c751e8b465ee728b)
Start importing Assets/Sprites/Mapa/TilesetHouse.png using Guid(96456944179cf9c4da11f5d160060693) Importer(815301076,1909f56bfc062723c751e8b465ee728b)  -> (artifact id: 'ecd9242b5b0083a28e04822cd047f7cd') in 0.113431 seconds 
========================================================================
Received Prepare
Registering precompiled user dll's ...
Registered in 0.006651 seconds.
Begin MonoManager ReloadAssembly
Symbol file LoadedFromMemory doesn't match image C:\Trabajos\Unity\NinjaAdventure\NinjaAdventure\Library\PackageCache\com.unity.visualscripting@1.8.0\Editor\VisualScripting.Core\Dependencies\YamlDotNet\Unity.VisualScripting.YamlDotNet.dll
Symbol file LoadedFromMemory doesn't match image C:\Trabajos\Unity\NinjaAdventure\NinjaAdventure\Library\PackageCache\com.unity.visualscripting@1.8.0\Editor\VisualScripting.Core\Dependencies\DotNetZip\Unity.VisualScripting.IonicZip.dll
Native extension for WindowsStandalone target not found
Native extension for WebGL target not found
Refreshing native plugins compatible for Editor in 0.78 ms, found 4 plugins.
Preloading 0 native plugins for Editor in 0.00 ms.
Mono: successfully reloaded assembly
- Completed reload, in  1.329 seconds
Domain Reload Profiling:
	ReloadAssembly (1330ms)
		BeginReloadAssembly (193ms)
			ExecutionOrderSort (0ms)
			DisableScriptedObjects (10ms)
			BackupInstance (0ms)
			ReleaseScriptingObjects (0ms)
			CreateAndSetChildDomain (54ms)
		EndReloadAssembly (1005ms)
			LoadAssemblies (131ms)
			RebuildTransferFunctionScriptingTraits (0ms)
			SetupTypeCache (317ms)
			ReleaseScriptCaches (3ms)
			RebuildScriptCaches (80ms)
			SetupLoadedEditorAssemblies (412ms)
				LogAssemblyErrors (0ms)
				InitializePlatformSupportModulesInManaged (7ms)
				SetLoadedEditorAssemblies (1ms)
				RefreshPlugins (1ms)
				BeforeProcessingInitializeOnLoad (96ms)
				ProcessInitializeOnLoadAttributes (252ms)
				ProcessInitializeOnLoadMethodAttributes (47ms)
				AfterProcessingInitializeOnLoad (8ms)
				EditorAssembliesLoaded (0ms)
			ExecutionOrderSort2 (0ms)
			AwakeInstancesAfterBackupRestoration (9ms)
Platform modules already initialized, skipping
Refreshing native plugins compatible for Editor in 4.21 ms, found 4 plugins.
Preloading 0 native plugins for Editor in 0.00 ms.
Unloading 3770 Unused Serialized files (Serialized files now loaded: 0)
Unloading 22 unused Assets / (24.6 KB). Loaded Objects now: 4400.
Memory consumption went from 148.6 MB to 148.6 MB.
Total: 4.899700 ms (FindLiveObjects: 0.564600 ms CreateObjectMapping: 0.191200 ms MarkObjects: 4.095700 ms  DeleteObjects: 0.046700 ms)

AssetImportParameters requested are different than current active one (requested -> active):
  custom:video-decoder-ogg-theora: a1e56fd34408186e4bbccfd4996cb3dc -> 
  custom:container-muxer-webm: aa71ff27fc2769a1b78a27578f13a17b -> 
  custom:container-demuxer-webm: 4f35f7cbe854078d1ac9338744f61a02 -> 
  custom:video-encoder-webm-vp8: eb34c28f22e8b96e1ab97ce403110664 -> 
  custom:audio-encoder-webm-vorbis: bf7c407c2cedff20999df2af8eb42d56 -> 
  custom:framework-win-MediaFoundation: 216162199b28c13a410421893ffa2e32 -> 
  custom:container-demuxer-ogg: 62fdf1f143b41e24485cea50d1cbac27 -> 
  custom:video-decoder-webm-vp8: 9c59270c3fd7afecdb556c50c9e8de78 -> 
  custom:audio-decoder-ogg-vorbis: bf7c407c2cedff20999df2af8eb42d56 -> 
========================================================================
Received Import Request.
  Time since last request: 554.902469 seconds.
  path: ProjectSettings/TagManager.asset
  artifactKey: Guid(00000000000000003000000000000000) Importer(815301076,1909f56bfc062723c751e8b465ee728b)
Start importing ProjectSettings/TagManager.asset using Guid(00000000000000003000000000000000) Importer(815301076,1909f56bfc062723c751e8b465ee728b)  -> (artifact id: '9ac7da62e98039ffc7668b53323591f4') in 0.039829 seconds 
========================================================================
Received Import Request.
  Time since last request: 4005.428698 seconds.
  path: Assets/Tiles/Piso.asset
  artifactKey: Guid(384b85242974a684d91a6a810429cf68) Importer(815301076,1909f56bfc062723c751e8b465ee728b)
Start importing Assets/Tiles/Piso.asset using Guid(384b85242974a684d91a6a810429cf68) Importer(815301076,1909f56bfc062723c751e8b465ee728b)  -> (artifact id: 'fefedcee967fecf3db3b6aa45fb48860') in 0.731490 seconds 
========================================================================
Received Import Request.
  Time since last request: 11.895587 seconds.
  path: Assets/Tiles/Pasto.asset
  artifactKey: Guid(d146d7efae57a6549b1feb9e57179717) Importer(815301076,1909f56bfc062723c751e8b465ee728b)
Start importing Assets/Tiles/Pasto.asset using Guid(d146d7efae57a6549b1feb9e57179717) Importer(815301076,1909f56bfc062723c751e8b465ee728b)  -> (artifact id: '66d43b5c27235e9aa4722613dc4f3712') in 0.010988 seconds 
========================================================================
Received Import Request.
  Time since last request: 166.213539 seconds.
  path: Assets/Sprites/Mapa/Mapa_Tierra.png
  artifactKey: Guid(01af978ffdad8ba4e98b610a4ade9bf1) Importer(815301076,1909f56bfc062723c751e8b465ee728b)
Start importing Assets/Sprites/Mapa/Mapa_Tierra.png using Guid(01af978ffdad8ba4e98b610a4ade9bf1) Importer(815301076,1909f56bfc062723c751e8b465ee728b)  -> (artifact id: '6b24d1943ca59d366bf85618b8a9316b') in 0.032828 seconds 
========================================================================
Received Import Request.
  Time since last request: 51.469062 seconds.
  path: Assets/Sprites/Mapa/Mapa_Tierra.png
  artifactKey: Guid(01af978ffdad8ba4e98b610a4ade9bf1) Importer(815301076,1909f56bfc062723c751e8b465ee728b)
Start importing Assets/Sprites/Mapa/Mapa_Tierra.png using Guid(01af978ffdad8ba4e98b610a4ade9bf1) Importer(815301076,1909f56bfc062723c751e8b465ee728b)  -> (artifact id: '51333823b7fb6e4a7ed7c6a27755e5ca') in 0.337883 seconds 
========================================================================
Received Import Request.
  Time since last request: 74.826125 seconds.
  path: Assets/Tiles/RPG.prefab
  artifactKey: Guid(5c74f024478e22548ba206d50774e228) Importer(815301076,1909f56bfc062723c751e8b465ee728b)
Start importing Assets/Tiles/RPG.prefab using Guid(5c74f024478e22548ba206d50774e228) Importer(815301076,1909f56bfc062723c751e8b465ee728b)  -> (artifact id: '982b3f67929f708248c4a6fc9cb48fb0') in 0.081015 seconds 
========================================================================
Received Import Request.
  Time since last request: 70.518522 seconds.
  path: Assets/Tiles/RPG.prefab
  artifactKey: Guid(5c74f024478e22548ba206d50774e228) Importer(815301076,1909f56bfc062723c751e8b465ee728b)
Start importing Assets/Tiles/RPG.prefab using Guid(5c74f024478e22548ba206d50774e228) Importer(815301076,1909f56bfc062723c751e8b465ee728b)  -> (artifact id: '3fe58b34ee43de0dbd6b31c041ab3f48') in 0.016975 seconds 
========================================================================
Received Import Request.
  Time since last request: 101.773598 seconds.
  path: Assets/Sprites/Mapa/TilesetNature.png
  artifactKey: Guid(48ebf160385691146929ff2307ae2131) Importer(815301076,1909f56bfc062723c751e8b465ee728b)
Start importing Assets/Sprites/Mapa/TilesetNature.png using Guid(48ebf160385691146929ff2307ae2131) Importer(815301076,1909f56bfc062723c751e8b465ee728b)  -> (artifact id: '3016489264bd1e7efcfc7d20dc2bae72') in 0.016579 seconds 
========================================================================
Received Import Request.
  Time since last request: 335.740794 seconds.
  path: Assets/Sprites/Mapa/TilesetNature.png
  artifactKey: Guid(48ebf160385691146929ff2307ae2131) Importer(815301076,1909f56bfc062723c751e8b465ee728b)
Start importing Assets/Sprites/Mapa/TilesetNature.png using Guid(48ebf160385691146929ff2307ae2131) Importer(815301076,1909f56bfc062723c751e8b465ee728b)  -> (artifact id: '43a5041f6e26bcb430e315a1b952943d') in 0.237881 seconds 
========================================================================
Received Import Request.
  Time since last request: 113.691030 seconds.
  path: Assets
  artifactKey: Guid(00000000000000001000000000000000) Importer(815301076,1909f56bfc062723c751e8b465ee728b)
Start importing Assets using Guid(00000000000000001000000000000000) Importer(815301076,1909f56bfc062723c751e8b465ee728b)  -> (artifact id: '79842766b460edbeab6a34051e857a80') in 0.007337 seconds 
========================================================================
Received Import Request.
  Time since last request: 5.753645 seconds.
  path: Assets/Prefab
  artifactKey: Guid(c8e5b305ab4286d4596e31084ee29933) Importer(815301076,1909f56bfc062723c751e8b465ee728b)
Start importing Assets/Prefab using Guid(c8e5b305ab4286d4596e31084ee29933) Importer(815301076,1909f56bfc062723c751e8b465ee728b)  -> (artifact id: '9738dbc49612dc5fa56441ac89eae6c0') in 0.008190 seconds 
========================================================================
Received Import Request.
  Time since last request: 8.797994 seconds.
  path: Assets/Prefab/pino_triple.prefab
  artifactKey: Guid(57f2271a4fb770e42a993de04476ab3d) Importer(815301076,1909f56bfc062723c751e8b465ee728b)
Start importing Assets/Prefab/pino_triple.prefab using Guid(57f2271a4fb770e42a993de04476ab3d) Importer(815301076,1909f56bfc062723c751e8b465ee728b)  -> (artifact id: '8c6a7711c9ee9e01cfd766fe7060d78a') in 0.033971 seconds 
========================================================================
Received Import Request.
  Time since last request: 4.030299 seconds.
  path: Assets/Prefab/Casa_naranja.prefab
  artifactKey: Guid(99c348a01b297e34a8d4878e385b1b5e) Importer(815301076,1909f56bfc062723c751e8b465ee728b)
Start importing Assets/Prefab/Casa_naranja.prefab using Guid(99c348a01b297e34a8d4878e385b1b5e) Importer(815301076,1909f56bfc062723c751e8b465ee728b)  -> (artifact id: 'fb95210ac75bdf33893e9a43d0346bde') in 0.014952 seconds 
========================================================================
Received Import Request.
  Time since last request: 1.721652 seconds.
  path: Assets/Prefab/Casa_verde.prefab
  artifactKey: Guid(4ecea236efb0b714b9929f54a498d09d) Importer(815301076,1909f56bfc062723c751e8b465ee728b)
Start importing Assets/Prefab/Casa_verde.prefab using Guid(4ecea236efb0b714b9929f54a498d09d) Importer(815301076,1909f56bfc062723c751e8b465ee728b)  -> (artifact id: '215989ea7ca58dce06c0db42c9163a94') in 0.017312 seconds 
========================================================================
Received Import Request.
  Time since last request: 1.392037 seconds.
  path: Assets/Prefab/Casa_roja.prefab
  artifactKey: Guid(0cf51bb54dcfd40438ed3e3f32481daf) Importer(815301076,1909f56bfc062723c751e8b465ee728b)
Start importing Assets/Prefab/Casa_roja.prefab using Guid(0cf51bb54dcfd40438ed3e3f32481daf) Importer(815301076,1909f56bfc062723c751e8b465ee728b)  -> (artifact id: 'b1c5723120e7b34cf3bdbc428a8bb745') in 0.014150 seconds 
========================================================================
Received Import Request.
  Time since last request: 139.234124 seconds.
  path: Assets/Prefab/arbol_triple.prefab
  artifactKey: Guid(b794cd33dab5a5446abc0ca6d2b10a45) Importer(815301076,1909f56bfc062723c751e8b465ee728b)
Start importing Assets/Prefab/arbol_triple.prefab using Guid(b794cd33dab5a5446abc0ca6d2b10a45) Importer(815301076,1909f56bfc062723c751e8b465ee728b)  -> (artifact id: '5003eccd95ed883247de3132c10c5297') in 0.013938 seconds 
========================================================================
Received Import Request.
  Time since last request: 69.421414 seconds.
  path: Assets/Sprites/Mapa/TilesetNature.png
  artifactKey: Guid(48ebf160385691146929ff2307ae2131) Importer(815301076,1909f56bfc062723c751e8b465ee728b)
Start importing Assets/Sprites/Mapa/TilesetNature.png using Guid(48ebf160385691146929ff2307ae2131) Importer(815301076,1909f56bfc062723c751e8b465ee728b)  -> (artifact id: '5cd7d408257b459b14e7cb0c4cf2514f') in 0.221499 seconds 
========================================================================
Received Import Request.
  Time since last request: 52.333571 seconds.
  path: Assets/Sprites/Mapa/Ciudadela/Borde.asset
  artifactKey: Guid(dd2fac485c4653a419c1b5b77862c868) Importer(815301076,1909f56bfc062723c751e8b465ee728b)
Start importing Assets/Sprites/Mapa/Ciudadela/Borde.asset using Guid(dd2fac485c4653a419c1b5b77862c868) Importer(815301076,1909f56bfc062723c751e8b465ee728b)  -> (artifact id: '37f3c8b4b946f098258d17c2c55f4648') in 0.038396 seconds 
========================================================================
Received Prepare
Registering precompiled user dll's ...
Registered in 0.009022 seconds.
Begin MonoManager ReloadAssembly
Symbol file LoadedFromMemory doesn't match image C:\Trabajos\Unity\NinjaAdventure\NinjaAdventure\Library\PackageCache\com.unity.visualscripting@1.8.0\Editor\VisualScripting.Core\Dependencies\YamlDotNet\Unity.VisualScripting.YamlDotNet.dll
Symbol file LoadedFromMemory doesn't match image C:\Trabajos\Unity\NinjaAdventure\NinjaAdventure\Library\PackageCache\com.unity.visualscripting@1.8.0\Editor\VisualScripting.Core\Dependencies\DotNetZip\Unity.VisualScripting.IonicZip.dll
Native extension for WindowsStandalone target not found
Native extension for WebGL target not found
Refreshing native plugins compatible for Editor in 0.94 ms, found 4 plugins.
Preloading 0 native plugins for Editor in 0.00 ms.
Mono: successfully reloaded assembly
- Completed reload, in  1.400 seconds
Domain Reload Profiling:
	ReloadAssembly (1401ms)
		BeginReloadAssembly (210ms)
			ExecutionOrderSort (0ms)
			DisableScriptedObjects (8ms)
			BackupInstance (0ms)
			ReleaseScriptingObjects (0ms)
			CreateAndSetChildDomain (58ms)
		EndReloadAssembly (1049ms)
			LoadAssemblies (150ms)
			RebuildTransferFunctionScriptingTraits (0ms)
			SetupTypeCache (349ms)
			ReleaseScriptCaches (2ms)
			RebuildScriptCaches (54ms)
			SetupLoadedEditorAssemblies (462ms)
				LogAssemblyErrors (0ms)
				InitializePlatformSupportModulesInManaged (12ms)
				SetLoadedEditorAssemblies (1ms)
				RefreshPlugins (1ms)
				BeforeProcessingInitializeOnLoad (91ms)
				ProcessInitializeOnLoadAttributes (285ms)
				ProcessInitializeOnLoadMethodAttributes (63ms)
				AfterProcessingInitializeOnLoad (10ms)
				EditorAssembliesLoaded (0ms)
			ExecutionOrderSort2 (0ms)
			AwakeInstancesAfterBackupRestoration (9ms)
Platform modules already initialized, skipping
Refreshing native plugins compatible for Editor in 3.76 ms, found 4 plugins.
Preloading 0 native plugins for Editor in 0.00 ms.
Unloading 3770 Unused Serialized files (Serialized files now loaded: 0)
Unloading 23 unused Assets / (24.6 KB). Loaded Objects now: 4441.
Memory consumption went from 148.7 MB to 148.6 MB.
Total: 4.018300 ms (FindLiveObjects: 0.330000 ms CreateObjectMapping: 0.137200 ms MarkObjects: 3.511200 ms  DeleteObjects: 0.038400 ms)

AssetImportParameters requested are different than current active one (requested -> active):
  custom:video-decoder-ogg-theora: a1e56fd34408186e4bbccfd4996cb3dc -> 
  custom:container-muxer-webm: aa71ff27fc2769a1b78a27578f13a17b -> 
  custom:container-demuxer-webm: 4f35f7cbe854078d1ac9338744f61a02 -> 
  custom:video-encoder-webm-vp8: eb34c28f22e8b96e1ab97ce403110664 -> 
  custom:audio-encoder-webm-vorbis: bf7c407c2cedff20999df2af8eb42d56 -> 
  custom:framework-win-MediaFoundation: 216162199b28c13a410421893ffa2e32 -> 
  custom:container-demuxer-ogg: 62fdf1f143b41e24485cea50d1cbac27 -> 
  custom:video-decoder-webm-vp8: 9c59270c3fd7afecdb556c50c9e8de78 -> 
  custom:audio-decoder-ogg-vorbis: bf7c407c2cedff20999df2af8eb42d56 -> 
========================================================================
Received Import Request.
  Time since last request: 96.446453 seconds.
  path: Assets/Sprites/Mapa/TilesetNature.png
  artifactKey: Guid(48ebf160385691146929ff2307ae2131) Importer(815301076,1909f56bfc062723c751e8b465ee728b)
Start importing Assets/Sprites/Mapa/TilesetNature.png using Guid(48ebf160385691146929ff2307ae2131) Importer(815301076,1909f56bfc062723c751e8b465ee728b)  -> (artifact id: 'fafeab3ac5f6e1cb75542925b9ecdd12') in 0.238787 seconds 
