Using pre-set license
Built from '2021.3/staging' branch; Version is '2021.3.26f1 (a16dc32e0ff2) revision 10579395'; Using compiler version '192829333'; Build Type 'Release'
OS: 'Windows 11  (10.0.22621) 64bit Core' Language: 'es' Physical Memory: 16147 MB
BatchMode: 1, IsHumanControllingUs: 0, StartBugReporterOnCrash: 0, Is64bit: 1, IsPro: 1

COMMAND LINE ARGUMENTS:
C:\Program Files\Unity\Hub\Editor\2021.3.26f1\Editor\Unity.exe
-adb2
-batchMode
-noUpm
-name
AssetImportWorker3
-projectPath
C:/Trabajos/Unity/NinjaAdventure/NinjaAdventure
-logFile
Logs/AssetImportWorker3.log
-srvPort
50220
Successfully changed project path to: C:/Trabajos/Unity/NinjaAdventure/NinjaAdventure
C:/Trabajos/Unity/NinjaAdventure/NinjaAdventure
[UnityMemory] Configuration Parameters - Can be set up in boot.config
    "memorysetup-bucket-allocator-granularity=16"
    "memorysetup-bucket-allocator-bucket-count=8"
    "memorysetup-bucket-allocator-block-size=33554432"
    "memorysetup-bucket-allocator-block-count=8"
    "memorysetup-main-allocator-block-size=16777216"
    "memorysetup-thread-allocator-block-size=16777216"
    "memorysetup-gfx-main-allocator-block-size=16777216"
    "memorysetup-gfx-thread-allocator-block-size=16777216"
    "memorysetup-cache-allocator-block-size=4194304"
    "memorysetup-typetree-allocator-block-size=2097152"
    "memorysetup-profiler-bucket-allocator-granularity=16"
    "memorysetup-profiler-bucket-allocator-bucket-count=8"
    "memorysetup-profiler-bucket-allocator-block-size=33554432"
    "memorysetup-profiler-bucket-allocator-block-count=8"
    "memorysetup-profiler-allocator-block-size=16777216"
    "memorysetup-profiler-editor-allocator-block-size=1048576"
    "memorysetup-temp-allocator-size-main=16777216"
    "memorysetup-job-temp-allocator-block-size=2097152"
    "memorysetup-job-temp-allocator-block-size-background=1048576"
    "memorysetup-job-temp-allocator-reduction-small-platforms=262144"
    "memorysetup-temp-allocator-size-background-worker=32768"
    "memorysetup-temp-allocator-size-job-worker=262144"
    "memorysetup-temp-allocator-size-preload-manager=33554432"
    "memorysetup-temp-allocator-size-nav-mesh-worker=65536"
    "memorysetup-temp-allocator-size-audio-worker=65536"
    "memorysetup-temp-allocator-size-cloud-worker=32768"
    "memorysetup-temp-allocator-size-gi-baking-worker=262144"
    "memorysetup-temp-allocator-size-gfx=262144"
Player connection [27120] Host "[IP] 192.168.1.127 [Port] 0 [Flags] 2 [Guid] 2361715622 [EditorId] 2361715622 [Version] 1048832 [Id] WindowsEditor(7,Laptop-Gabriel) [Debug] 1 [PackageName] WindowsEditor [ProjectName] Editor" joined multi-casting on [225.0.0.222:54997]...

Player connection [27120] Host "[IP] 192.168.1.127 [Port] 0 [Flags] 2 [Guid] 2361715622 [EditorId] 2361715622 [Version] 1048832 [Id] WindowsEditor(7,Laptop-Gabriel) [Debug] 1 [PackageName] WindowsEditor [ProjectName] Editor" joined alternative multi-casting on [225.0.0.222:34997]...

Refreshing native plugins compatible for Editor in 106.21 ms, found 4 plugins.
Preloading 0 native plugins for Editor in 0.00 ms.
Initialize engine version: 2021.3.26f1 (a16dc32e0ff2)
[Subsystems] Discovering subsystems at path C:/Program Files/Unity/Hub/Editor/2021.3.26f1/Editor/Data/Resources/UnitySubsystems
[Subsystems] Discovering subsystems at path C:/Trabajos/Unity/NinjaAdventure/NinjaAdventure/Assets
GfxDevice: creating device client; threaded=0; jobified=0
Direct3D:
    Version:  Direct3D 11.0 [level 11.1]
    Renderer: NVIDIA GeForce GTX 1650 (ID=0x1f9d)
    Vendor:   NVIDIA
    VRAM:     3962 MB
    Driver:   31.0.15.1748
Initialize mono
Mono path[0] = 'C:/Program Files/Unity/Hub/Editor/2021.3.26f1/Editor/Data/Managed'
Mono path[1] = 'C:/Program Files/Unity/Hub/Editor/2021.3.26f1/Editor/Data/MonoBleedingEdge/lib/mono/unityjit-win32'
Mono config path = 'C:/Program Files/Unity/Hub/Editor/2021.3.26f1/Editor/Data/MonoBleedingEdge/etc'
Using monoOptions --debugger-agent=transport=dt_socket,embedding=1,server=y,suspend=n,address=127.0.0.1:56520
Begin MonoManager ReloadAssembly
Registering precompiled unity dll's ...
Register platform support module: C:/Program Files/Unity/Hub/Editor/2021.3.26f1/Editor/Data/PlaybackEngines/WebGLSupport/UnityEditor.WebGL.Extensions.dll
Register platform support module: C:/Program Files/Unity/Hub/Editor/2021.3.26f1/Editor/Data/PlaybackEngines/WindowsStandaloneSupport/UnityEditor.WindowsStandalone.Extensions.dll
Registered in 0.005293 seconds.
Native extension for WindowsStandalone target not found
Native extension for WebGL target not found
Refreshing native plugins compatible for Editor in 134.74 ms, found 4 plugins.
Preloading 0 native plugins for Editor in 0.00 ms.
Mono: successfully reloaded assembly
- Completed reload, in  0.939 seconds
Domain Reload Profiling:
	ReloadAssembly (940ms)
		BeginReloadAssembly (155ms)
			ExecutionOrderSort (0ms)
			DisableScriptedObjects (0ms)
			BackupInstance (0ms)
			ReleaseScriptingObjects (0ms)
			CreateAndSetChildDomain (1ms)
		EndReloadAssembly (667ms)
			LoadAssemblies (151ms)
			RebuildTransferFunctionScriptingTraits (0ms)
			SetupTypeCache (132ms)
			ReleaseScriptCaches (0ms)
			RebuildScriptCaches (48ms)
			SetupLoadedEditorAssemblies (373ms)
				LogAssemblyErrors (0ms)
				InitializePlatformSupportModulesInManaged (11ms)
				SetLoadedEditorAssemblies (0ms)
				RefreshPlugins (135ms)
				BeforeProcessingInitializeOnLoad (2ms)
				ProcessInitializeOnLoadAttributes (162ms)
				ProcessInitializeOnLoadMethodAttributes (64ms)
				AfterProcessingInitializeOnLoad (0ms)
				EditorAssembliesLoaded (0ms)
			ExecutionOrderSort2 (0ms)
			AwakeInstancesAfterBackupRestoration (0ms)
Platform modules already initialized, skipping
Registering precompiled user dll's ...
Registered in 0.012625 seconds.
Begin MonoManager ReloadAssembly
Symbol file LoadedFromMemory doesn't match image C:\Trabajos\Unity\NinjaAdventure\NinjaAdventure\Library\PackageCache\com.unity.visualscripting@1.8.0\Editor\VisualScripting.Core\Dependencies\YamlDotNet\Unity.VisualScripting.YamlDotNet.dll
Symbol file LoadedFromMemory doesn't match image C:\Trabajos\Unity\NinjaAdventure\NinjaAdventure\Library\PackageCache\com.unity.visualscripting@1.8.0\Editor\VisualScripting.Core\Dependencies\DotNetZip\Unity.VisualScripting.IonicZip.dll
Native extension for WindowsStandalone target not found
Native extension for WebGL target not found
Refreshing native plugins compatible for Editor in 135.99 ms, found 4 plugins.
Preloading 0 native plugins for Editor in 0.00 ms.
Mono: successfully reloaded assembly
- Completed reload, in  1.542 seconds
Domain Reload Profiling:
	ReloadAssembly (1543ms)
		BeginReloadAssembly (165ms)
			ExecutionOrderSort (0ms)
			DisableScriptedObjects (10ms)
			BackupInstance (0ms)
			ReleaseScriptingObjects (0ms)
			CreateAndSetChildDomain (31ms)
		EndReloadAssembly (1220ms)
			LoadAssemblies (118ms)
			RebuildTransferFunctionScriptingTraits (0ms)
			SetupTypeCache (316ms)
			ReleaseScriptCaches (1ms)
			RebuildScriptCaches (78ms)
			SetupLoadedEditorAssemblies (646ms)
				LogAssemblyErrors (0ms)
				InitializePlatformSupportModulesInManaged (12ms)
				SetLoadedEditorAssemblies (0ms)
				RefreshPlugins (136ms)
				BeforeProcessingInitializeOnLoad (108ms)
				ProcessInitializeOnLoadAttributes (325ms)
				ProcessInitializeOnLoadMethodAttributes (56ms)
				AfterProcessingInitializeOnLoad (8ms)
				EditorAssembliesLoaded (0ms)
			ExecutionOrderSort2 (0ms)
			AwakeInstancesAfterBackupRestoration (7ms)
Platform modules already initialized, skipping
========================================================================
Worker process is ready to serve import requests
Launched and connected shader compiler UnityShaderCompiler.exe after 0.12 seconds
Refreshing native plugins compatible for Editor in 0.98 ms, found 4 plugins.
Preloading 0 native plugins for Editor in 0.00 ms.
Unloading 3794 Unused Serialized files (Serialized files now loaded: 0)
Unloading 35 unused Assets / (56.1 KB). Loaded Objects now: 4254.
Memory consumption went from 146.4 MB to 146.3 MB.
Total: 5.904500 ms (FindLiveObjects: 0.471600 ms CreateObjectMapping: 0.267600 ms MarkObjects: 5.004900 ms  DeleteObjects: 0.158300 ms)

AssetImportParameters requested are different than current active one (requested -> active):
  custom:video-decoder-ogg-theora: a1e56fd34408186e4bbccfd4996cb3dc -> 
  custom:container-muxer-webm: aa71ff27fc2769a1b78a27578f13a17b -> 
  custom:container-demuxer-webm: 4f35f7cbe854078d1ac9338744f61a02 -> 
  custom:video-encoder-webm-vp8: eb34c28f22e8b96e1ab97ce403110664 -> 
  custom:audio-encoder-webm-vorbis: bf7c407c2cedff20999df2af8eb42d56 -> 
  custom:framework-win-MediaFoundation: 216162199b28c13a410421893ffa2e32 -> 
  custom:container-demuxer-ogg: 62fdf1f143b41e24485cea50d1cbac27 -> 
  custom:video-decoder-webm-vp8: 9c59270c3fd7afecdb556c50c9e8de78 -> 
  custom:audio-decoder-ogg-vorbis: bf7c407c2cedff20999df2af8eb42d56 -> 
========================================================================
Received Import Request.
  Time since last request: 1438506.360288 seconds.
  path: Assets/Sprites/Items/Armas/Mazo.png
  artifactKey: Guid(55b6676b3aef3a84389fb99e9afb24a2) Importer(815301076,1909f56bfc062723c751e8b465ee728b)
Start importing Assets/Sprites/Items/Armas/Mazo.png using Guid(55b6676b3aef3a84389fb99e9afb24a2) Importer(815301076,1909f56bfc062723c751e8b465ee728b)  -> (artifact id: '00d1cb10250f86c7ef6b36e67bff3398') in 0.168850 seconds 
========================================================================
Received Import Request.
  Time since last request: 164.683066 seconds.
  path: Assets/Sprites/Items/Pergaminos/ScrollFuego.png
  artifactKey: Guid(02e48a2cd47b4ac40a753b7fbdb93454) Importer(815301076,1909f56bfc062723c751e8b465ee728b)
Start importing Assets/Sprites/Items/Pergaminos/ScrollFuego.png using Guid(02e48a2cd47b4ac40a753b7fbdb93454) Importer(815301076,1909f56bfc062723c751e8b465ee728b)  -> (artifact id: '800355a327135ce9286ad9e195ce69e9') in 0.029041 seconds 
========================================================================
Received Import Request.
  Time since last request: 0.000033 seconds.
  path: Assets/Sprites/Items/Tesoros/Shuriken.png
  artifactKey: Guid(4dac4ff952f878642bbd3bfa72844bc1) Importer(815301076,1909f56bfc062723c751e8b465ee728b)
Start importing Assets/Sprites/Items/Tesoros/Shuriken.png using Guid(4dac4ff952f878642bbd3bfa72844bc1) Importer(815301076,1909f56bfc062723c751e8b465ee728b)  -> (artifact id: '0d18a9a2eff05b657cc17025c1745f6a') in 0.019455 seconds 
========================================================================
Received Import Request.
  Time since last request: 0.000036 seconds.
  path: Assets/Sprites/Items/Pergaminos/ScrollHierba.png
  artifactKey: Guid(a6faf97e8ac3a1b40a8548024603f20b) Importer(815301076,1909f56bfc062723c751e8b465ee728b)
Start importing Assets/Sprites/Items/Pergaminos/ScrollHierba.png using Guid(a6faf97e8ac3a1b40a8548024603f20b) Importer(815301076,1909f56bfc062723c751e8b465ee728b)  -> (artifact id: 'efd57335ba4ca1eb31e75a21fbedb876') in 0.017496 seconds 
========================================================================
Received Import Request.
  Time since last request: 0.000047 seconds.
  path: Assets/Sprites/Items/Pergaminos/ScrollRoca.png
  artifactKey: Guid(fa7307bfb5e07a74a91f271a310789da) Importer(815301076,1909f56bfc062723c751e8b465ee728b)
Start importing Assets/Sprites/Items/Pergaminos/ScrollRoca.png using Guid(fa7307bfb5e07a74a91f271a310789da) Importer(815301076,1909f56bfc062723c751e8b465ee728b)  -> (artifact id: '06ef8173be74c8c77028789678e011e8') in 0.019068 seconds 
========================================================================
Received Import Request.
  Time since last request: 0.164956 seconds.
  path: Assets/Sprites/Personajes/NPC/Woman/SeparateAnim/Special1.png
  artifactKey: Guid(1087a28a832f46e4480a6577b2601b6e) Importer(815301076,1909f56bfc062723c751e8b465ee728b)
Start importing Assets/Sprites/Personajes/NPC/Woman/SeparateAnim/Special1.png using Guid(1087a28a832f46e4480a6577b2601b6e) Importer(815301076,1909f56bfc062723c751e8b465ee728b)  -> (artifact id: '8c4cea4fe54ba81b4e1531e481ddd350') in 0.019742 seconds 
========================================================================
Received Import Request.
  Time since last request: 0.000021 seconds.
  path: Assets/Sprites/Personajes/NPC/Princess/SeparateAnim/Special1.png
  artifactKey: Guid(5c83b2dcd44a7f9449e819357a2daf45) Importer(815301076,1909f56bfc062723c751e8b465ee728b)
Start importing Assets/Sprites/Personajes/NPC/Princess/SeparateAnim/Special1.png using Guid(5c83b2dcd44a7f9449e819357a2daf45) Importer(815301076,1909f56bfc062723c751e8b465ee728b)  -> (artifact id: 'f4d91b42583764e44b28bcec3dcf5b82') in 0.015291 seconds 
========================================================================
Received Import Request.
  Time since last request: 0.000037 seconds.
  path: Assets/Sprites/Personajes/NPC/Villager/SeparateAnim/Special1.png
  artifactKey: Guid(b46edbcfc2b35be43a32f4cde173f5b0) Importer(815301076,1909f56bfc062723c751e8b465ee728b)
Start importing Assets/Sprites/Personajes/NPC/Villager/SeparateAnim/Special1.png using Guid(b46edbcfc2b35be43a32f4cde173f5b0) Importer(815301076,1909f56bfc062723c751e8b465ee728b)  -> (artifact id: 'fbb8df9fc69eb8876cf021a8dd0d3646') in 0.014975 seconds 
========================================================================
Received Import Request.
  Time since last request: 0.000028 seconds.
  path: Assets/Sprites/Personajes/NPC/OldMan3/SeparateAnim/Special1.png
  artifactKey: Guid(b530c9f789541ea4daf3f90f3f4c6401) Importer(815301076,1909f56bfc062723c751e8b465ee728b)
Start importing Assets/Sprites/Personajes/NPC/OldMan3/SeparateAnim/Special1.png using Guid(b530c9f789541ea4daf3f90f3f4c6401) Importer(815301076,1909f56bfc062723c751e8b465ee728b)  -> (artifact id: '23d5523436b7d4109dc63a34c4c099fb') in 0.017597 seconds 
========================================================================
Received Import Request.
  Time since last request: 7.834205 seconds.
  path: Assets/Sprites/Mapa/Mapa_Agua.png
  artifactKey: Guid(5e4f1ffdd06b1fa42a7c0e407d52e49c) Importer(815301076,1909f56bfc062723c751e8b465ee728b)
Start importing Assets/Sprites/Mapa/Mapa_Agua.png using Guid(5e4f1ffdd06b1fa42a7c0e407d52e49c) Importer(815301076,1909f56bfc062723c751e8b465ee728b)  -> (artifact id: '7cad7725ba62fd76e98cc50ae0ae0627') in 0.029658 seconds 
========================================================================
Received Import Request.
  Time since last request: 0.015819 seconds.
  path: Assets/Sprites/Personajes/NPC/Herrero/SeparateAnim/Jump.png
  artifactKey: Guid(5a0d5ca385d00be46bfec6ea0bf199d4) Importer(815301076,1909f56bfc062723c751e8b465ee728b)
Start importing Assets/Sprites/Personajes/NPC/Herrero/SeparateAnim/Jump.png using Guid(5a0d5ca385d00be46bfec6ea0bf199d4) Importer(815301076,1909f56bfc062723c751e8b465ee728b)  -> (artifact id: 'b8673c4891a534fe0d11ae272140e7e3') in 0.022830 seconds 
========================================================================
Received Import Request.
  Time since last request: 0.000021 seconds.
  path: Assets/Sprites/Personajes/NPC/OldMan3/SeparateAnim/Jump.png
  artifactKey: Guid(eaead2124e231834faa67ce7c8f9a3e0) Importer(815301076,1909f56bfc062723c751e8b465ee728b)
Start importing Assets/Sprites/Personajes/NPC/OldMan3/SeparateAnim/Jump.png using Guid(eaead2124e231834faa67ce7c8f9a3e0) Importer(815301076,1909f56bfc062723c751e8b465ee728b)  -> (artifact id: 'ea467462cff2325bbd70dd5d3ccfae46') in 0.016809 seconds 
========================================================================
Received Import Request.
  Time since last request: 0.000031 seconds.
  path: Assets/Sprites/UI/LifeBarMiniUnder.png
  artifactKey: Guid(f22fc631a31250c44828b19bece97bcc) Importer(815301076,1909f56bfc062723c751e8b465ee728b)
Start importing Assets/Sprites/UI/LifeBarMiniUnder.png using Guid(f22fc631a31250c44828b19bece97bcc) Importer(815301076,1909f56bfc062723c751e8b465ee728b)  -> (artifact id: 'c9257a5b5dc5e8e4065cd83887dbaaaf') in 0.018967 seconds 
========================================================================
Received Import Request.
  Time since last request: 0.000038 seconds.
  path: Assets/Sprites/Items/Armas/Libro.png
  artifactKey: Guid(9f2eb910ad869b9409bb2f52b935e685) Importer(815301076,1909f56bfc062723c751e8b465ee728b)
Start importing Assets/Sprites/Items/Armas/Libro.png using Guid(9f2eb910ad869b9409bb2f52b935e685) Importer(815301076,1909f56bfc062723c751e8b465ee728b)  -> (artifact id: 'ea838b130a0d16eaa1e6adc9e63b1fce') in 0.017305 seconds 
========================================================================
Received Import Request.
  Time since last request: 142.848029 seconds.
  path: Assets/Sprites/Personajes/NPC/OldWoman/SpriteSheet.png
  artifactKey: Guid(c11a4f9173d91584ea38dd9e44e13284) Importer(815301076,1909f56bfc062723c751e8b465ee728b)
Start importing Assets/Sprites/Personajes/NPC/OldWoman/SpriteSheet.png using Guid(c11a4f9173d91584ea38dd9e44e13284) Importer(815301076,1909f56bfc062723c751e8b465ee728b)  -> (artifact id: '75ed9b9fbe7ecd6629b0bba306cb0b5b') in 0.054871 seconds 
========================================================================
Received Import Request.
  Time since last request: 0.000046 seconds.
  path: Assets/Sprites/Mapa/TilesetFloorDetail.png
  artifactKey: Guid(7bc3766b72367814ebfe7d294fcadac7) Importer(815301076,1909f56bfc062723c751e8b465ee728b)
Start importing Assets/Sprites/Mapa/TilesetFloorDetail.png using Guid(7bc3766b72367814ebfe7d294fcadac7) Importer(815301076,1909f56bfc062723c751e8b465ee728b)  -> (artifact id: '2c87004ed706665fb2eebe0b97758bfa') in 0.025844 seconds 
========================================================================
Received Import Request.
  Time since last request: 0.000036 seconds.
  path: Assets/Sprites/Mapa/TilesetElement.png
  artifactKey: Guid(f8a22c5dc3e3ed047b3a37510bf39213) Importer(815301076,1909f56bfc062723c751e8b465ee728b)
Start importing Assets/Sprites/Mapa/TilesetElement.png using Guid(f8a22c5dc3e3ed047b3a37510bf39213) Importer(815301076,1909f56bfc062723c751e8b465ee728b)  -> (artifact id: '04830d61b257337cbf32b482be72acb1') in 0.027681 seconds 
Editor requested this worker to shutdown with reason: Scaling down because of idle timeout
AssetImportWorker is now disconnected from the server
Process exiting
Exiting without the bug reporter. Application will terminate with return code 0