Using pre-set license
Built from '2021.3/staging' branch; Version is '2021.3.26f1 (a16dc32e0ff2) revision 10579395'; Using compiler version '192829333'; Build Type 'Release'
OS: 'Windows 11  (10.0.22621) 64bit Core' Language: 'es' Physical Memory: 16147 MB
BatchMode: 1, IsHumanControllingUs: 0, StartBugReporterOnCrash: 0, Is64bit: 1, IsPro: 1

COMMAND LINE ARGUMENTS:
C:\Program Files\Unity\Hub\Editor\2021.3.26f1\Editor\Unity.exe
-adb2
-batchMode
-noUpm
-name
AssetImportWorker0
-projectPath
C:/Trabajos/Unity/NinjaAdventure/NinjaAdventure
-logFile
Logs/AssetImportWorker0.log
-srvPort
50220
Successfully changed project path to: C:/Trabajos/Unity/NinjaAdventure/NinjaAdventure
C:/Trabajos/Unity/NinjaAdventure/NinjaAdventure
[UnityMemory] Configuration Parameters - Can be set up in boot.config
    "memorysetup-bucket-allocator-granularity=16"
    "memorysetup-bucket-allocator-bucket-count=8"
    "memorysetup-bucket-allocator-block-size=33554432"
    "memorysetup-bucket-allocator-block-count=8"
    "memorysetup-main-allocator-block-size=16777216"
    "memorysetup-thread-allocator-block-size=16777216"
    "memorysetup-gfx-main-allocator-block-size=16777216"
    "memorysetup-gfx-thread-allocator-block-size=16777216"
    "memorysetup-cache-allocator-block-size=4194304"
    "memorysetup-typetree-allocator-block-size=2097152"
    "memorysetup-profiler-bucket-allocator-granularity=16"
    "memorysetup-profiler-bucket-allocator-bucket-count=8"
    "memorysetup-profiler-bucket-allocator-block-size=33554432"
    "memorysetup-profiler-bucket-allocator-block-count=8"
    "memorysetup-profiler-allocator-block-size=16777216"
    "memorysetup-profiler-editor-allocator-block-size=1048576"
    "memorysetup-temp-allocator-size-main=16777216"
    "memorysetup-job-temp-allocator-block-size=2097152"
    "memorysetup-job-temp-allocator-block-size-background=1048576"
    "memorysetup-job-temp-allocator-reduction-small-platforms=262144"
    "memorysetup-temp-allocator-size-background-worker=32768"
    "memorysetup-temp-allocator-size-job-worker=262144"
    "memorysetup-temp-allocator-size-preload-manager=33554432"
    "memorysetup-temp-allocator-size-nav-mesh-worker=65536"
    "memorysetup-temp-allocator-size-audio-worker=65536"
    "memorysetup-temp-allocator-size-cloud-worker=32768"
    "memorysetup-temp-allocator-size-gi-baking-worker=262144"
    "memorysetup-temp-allocator-size-gfx=262144"
Player connection [17368] Host "[IP] 192.168.1.127 [Port] 0 [Flags] 2 [Guid] 549532392 [EditorId] 549532392 [Version] 1048832 [Id] WindowsEditor(7,Laptop-Gabriel) [Debug] 1 [PackageName] WindowsEditor [ProjectName] Editor" joined multi-casting on [225.0.0.222:54997]...

Player connection [17368] Host "[IP] 192.168.1.127 [Port] 0 [Flags] 2 [Guid] 549532392 [EditorId] 549532392 [Version] 1048832 [Id] WindowsEditor(7,Laptop-Gabriel) [Debug] 1 [PackageName] WindowsEditor [ProjectName] Editor" joined alternative multi-casting on [225.0.0.222:34997]...

Refreshing native plugins compatible for Editor in 110.88 ms, found 4 plugins.
Preloading 0 native plugins for Editor in 0.00 ms.
Initialize engine version: 2021.3.26f1 (a16dc32e0ff2)
[Subsystems] Discovering subsystems at path C:/Program Files/Unity/Hub/Editor/2021.3.26f1/Editor/Data/Resources/UnitySubsystems
[Subsystems] Discovering subsystems at path C:/Trabajos/Unity/NinjaAdventure/NinjaAdventure/Assets
GfxDevice: creating device client; threaded=0; jobified=0
Direct3D:
    Version:  Direct3D 11.0 [level 11.1]
    Renderer: NVIDIA GeForce GTX 1650 (ID=0x1f9d)
    Vendor:   NVIDIA
    VRAM:     3962 MB
    Driver:   31.0.15.1748
Initialize mono
Mono path[0] = 'C:/Program Files/Unity/Hub/Editor/2021.3.26f1/Editor/Data/Managed'
Mono path[1] = 'C:/Program Files/Unity/Hub/Editor/2021.3.26f1/Editor/Data/MonoBleedingEdge/lib/mono/unityjit-win32'
Mono config path = 'C:/Program Files/Unity/Hub/Editor/2021.3.26f1/Editor/Data/MonoBleedingEdge/etc'
Using monoOptions --debugger-agent=transport=dt_socket,embedding=1,server=y,suspend=n,address=127.0.0.1:56660
Begin MonoManager ReloadAssembly
Registering precompiled unity dll's ...
Register platform support module: C:/Program Files/Unity/Hub/Editor/2021.3.26f1/Editor/Data/PlaybackEngines/WebGLSupport/UnityEditor.WebGL.Extensions.dll
Register platform support module: C:/Program Files/Unity/Hub/Editor/2021.3.26f1/Editor/Data/PlaybackEngines/WindowsStandaloneSupport/UnityEditor.WindowsStandalone.Extensions.dll
Registered in 0.006258 seconds.
Native extension for WindowsStandalone target not found
Native extension for WebGL target not found
Refreshing native plugins compatible for Editor in 108.56 ms, found 4 plugins.
Preloading 0 native plugins for Editor in 0.00 ms.
Mono: successfully reloaded assembly
- Completed reload, in  1.136 seconds
Domain Reload Profiling:
	ReloadAssembly (1137ms)
		BeginReloadAssembly (159ms)
			ExecutionOrderSort (0ms)
			DisableScriptedObjects (0ms)
			BackupInstance (0ms)
			ReleaseScriptingObjects (0ms)
			CreateAndSetChildDomain (1ms)
		EndReloadAssembly (790ms)
			LoadAssemblies (164ms)
			RebuildTransferFunctionScriptingTraits (1ms)
			SetupTypeCache (227ms)
			ReleaseScriptCaches (0ms)
			RebuildScriptCaches (45ms)
			SetupLoadedEditorAssemblies (425ms)
				LogAssemblyErrors (0ms)
				InitializePlatformSupportModulesInManaged (17ms)
				SetLoadedEditorAssemblies (0ms)
				RefreshPlugins (109ms)
				BeforeProcessingInitializeOnLoad (2ms)
				ProcessInitializeOnLoadAttributes (214ms)
				ProcessInitializeOnLoadMethodAttributes (83ms)
				AfterProcessingInitializeOnLoad (0ms)
				EditorAssembliesLoaded (0ms)
			ExecutionOrderSort2 (0ms)
			AwakeInstancesAfterBackupRestoration (0ms)
Platform modules already initialized, skipping
Registering precompiled user dll's ...
Registered in 0.009445 seconds.
Begin MonoManager ReloadAssembly
Symbol file LoadedFromMemory doesn't match image C:\Trabajos\Unity\NinjaAdventure\NinjaAdventure\Library\PackageCache\com.unity.visualscripting@1.8.0\Editor\VisualScripting.Core\Dependencies\YamlDotNet\Unity.VisualScripting.YamlDotNet.dll
Symbol file LoadedFromMemory doesn't match image C:\Trabajos\Unity\NinjaAdventure\NinjaAdventure\Library\PackageCache\com.unity.visualscripting@1.8.0\Editor\VisualScripting.Core\Dependencies\DotNetZip\Unity.VisualScripting.IonicZip.dll
Native extension for WindowsStandalone target not found
Native extension for WebGL target not found
Refreshing native plugins compatible for Editor in 101.65 ms, found 4 plugins.
Preloading 0 native plugins for Editor in 0.00 ms.
Mono: successfully reloaded assembly
- Completed reload, in  1.850 seconds
Domain Reload Profiling:
	ReloadAssembly (1851ms)
		BeginReloadAssembly (179ms)
			ExecutionOrderSort (0ms)
			DisableScriptedObjects (10ms)
			BackupInstance (0ms)
			ReleaseScriptingObjects (0ms)
			CreateAndSetChildDomain (29ms)
		EndReloadAssembly (1521ms)
			LoadAssemblies (130ms)
			RebuildTransferFunctionScriptingTraits (0ms)
			SetupTypeCache (487ms)
			ReleaseScriptCaches (1ms)
			RebuildScriptCaches (108ms)
			SetupLoadedEditorAssemblies (698ms)
				LogAssemblyErrors (0ms)
				InitializePlatformSupportModulesInManaged (6ms)
				SetLoadedEditorAssemblies (0ms)
				RefreshPlugins (102ms)
				BeforeProcessingInitializeOnLoad (123ms)
				ProcessInitializeOnLoadAttributes (373ms)
				ProcessInitializeOnLoadMethodAttributes (86ms)
				AfterProcessingInitializeOnLoad (9ms)
				EditorAssembliesLoaded (0ms)
			ExecutionOrderSort2 (0ms)
			AwakeInstancesAfterBackupRestoration (7ms)
Platform modules already initialized, skipping
========================================================================
Worker process is ready to serve import requests
Launched and connected shader compiler UnityShaderCompiler.exe after 0.13 seconds
Refreshing native plugins compatible for Editor in 1.02 ms, found 4 plugins.
Preloading 0 native plugins for Editor in 0.00 ms.
Unloading 3794 Unused Serialized files (Serialized files now loaded: 0)
Unloading 35 unused Assets / (56.1 KB). Loaded Objects now: 4254.
Memory consumption went from 146.4 MB to 146.3 MB.
Total: 5.503900 ms (FindLiveObjects: 0.611000 ms CreateObjectMapping: 0.353700 ms MarkObjects: 4.423200 ms  DeleteObjects: 0.114300 ms)

AssetImportParameters requested are different than current active one (requested -> active):
  custom:video-decoder-ogg-theora: a1e56fd34408186e4bbccfd4996cb3dc -> 
  custom:container-muxer-webm: aa71ff27fc2769a1b78a27578f13a17b -> 
  custom:container-demuxer-webm: 4f35f7cbe854078d1ac9338744f61a02 -> 
  custom:video-encoder-webm-vp8: eb34c28f22e8b96e1ab97ce403110664 -> 
  custom:audio-encoder-webm-vorbis: bf7c407c2cedff20999df2af8eb42d56 -> 
  custom:framework-win-MediaFoundation: 216162199b28c13a410421893ffa2e32 -> 
  custom:container-demuxer-ogg: 62fdf1f143b41e24485cea50d1cbac27 -> 
  custom:video-decoder-webm-vp8: 9c59270c3fd7afecdb556c50c9e8de78 -> 
  custom:audio-decoder-ogg-vorbis: bf7c407c2cedff20999df2af8eb42d56 -> 
========================================================================
Received Import Request.
  Time since last request: 1438131.737830 seconds.
  path: Assets/Tiles/Piso.asset
  artifactKey: Guid(384b85242974a684d91a6a810429cf68) Importer(815301076,1909f56bfc062723c751e8b465ee728b)
Start importing Assets/Tiles/Piso.asset using Guid(384b85242974a684d91a6a810429cf68) Importer(815301076,1909f56bfc062723c751e8b465ee728b)  -> (artifact id: '87bc17caf66de4fe079047efd72ed0b3') in 0.100868 seconds 
========================================================================
Received Import Request.
  Time since last request: 2.694601 seconds.
  path: Assets/Sprites/UI/BarraUI.png
  artifactKey: Guid(5751866db1fc1a94aba766ff2d3cb6c7) Importer(815301076,1909f56bfc062723c751e8b465ee728b)
Start importing Assets/Sprites/UI/BarraUI.png using Guid(5751866db1fc1a94aba766ff2d3cb6c7) Importer(815301076,1909f56bfc062723c751e8b465ee728b)  -> (artifact id: 'a711f40d65cc4fd3aaff5440bc966eec') in 0.249364 seconds 
========================================================================
Received Import Request.
  Time since last request: 0.000040 seconds.
  path: Assets/Sprites/Items/Ingredientes/Calamar.png
  artifactKey: Guid(a8110f0108f3edf469ce97dbba09663e) Importer(815301076,1909f56bfc062723c751e8b465ee728b)
Start importing Assets/Sprites/Items/Ingredientes/Calamar.png using Guid(a8110f0108f3edf469ce97dbba09663e) Importer(815301076,1909f56bfc062723c751e8b465ee728b)  -> (artifact id: 'fce2ed3169a832c40c0879c6d662d4d4') in 0.023721 seconds 
========================================================================
Received Import Request.
  Time since last request: 0.000056 seconds.
  path: Assets/Sprites/Proyectiles/BolaEnergia.png
  artifactKey: Guid(6d66698984e7ef245bd194b4109c9d7e) Importer(815301076,1909f56bfc062723c751e8b465ee728b)
Start importing Assets/Sprites/Proyectiles/BolaEnergia.png using Guid(6d66698984e7ef245bd194b4109c9d7e) Importer(815301076,1909f56bfc062723c751e8b465ee728b)  -> (artifact id: 'dbde3a05f7ba14665be376aecae7caf5') in 0.016925 seconds 
========================================================================
Received Import Request.
  Time since last request: 0.000024 seconds.
  path: Assets/Sprites/Items/Ingredientes/Camaron.png
  artifactKey: Guid(7d1e570cb1b3bbc4288dae0651eb0120) Importer(815301076,1909f56bfc062723c751e8b465ee728b)
Start importing Assets/Sprites/Items/Ingredientes/Camaron.png using Guid(7d1e570cb1b3bbc4288dae0651eb0120) Importer(815301076,1909f56bfc062723c751e8b465ee728b)  -> (artifact id: '9bea1363bf75f03ebbdaa30cccb89880') in 0.017629 seconds 
========================================================================
Received Import Request.
  Time since last request: 0.000041 seconds.
  path: Assets/Sprites/Personajes/NPC/Comerciante/SeparateAnim/Walk.png
  artifactKey: Guid(cb695c8aa06189149b54c547033ebac4) Importer(815301076,1909f56bfc062723c751e8b465ee728b)
Start importing Assets/Sprites/Personajes/NPC/Comerciante/SeparateAnim/Walk.png using Guid(cb695c8aa06189149b54c547033ebac4) Importer(815301076,1909f56bfc062723c751e8b465ee728b)  -> (artifact id: '733b0c4d51f97546cfea5777eaf90750') in 0.067396 seconds 
========================================================================
Received Import Request.
  Time since last request: 328.615214 seconds.
  path: Assets/TextMesh Pro/Examples & Extras/Prefabs/TextMeshPro - Prefab 1.prefab
  artifactKey: Guid(a6e39ced0ea046bcb636c3f0b2e2a745) Importer(815301076,1909f56bfc062723c751e8b465ee728b)
Start importing Assets/TextMesh Pro/Examples & Extras/Prefabs/TextMeshPro - Prefab 1.prefab using Guid(a6e39ced0ea046bcb636c3f0b2e2a745) Importer(815301076,1909f56bfc062723c751e8b465ee728b)  -> (artifact id: '63d60370d1218eac77e5fabfa8c1cce5') in 0.088771 seconds 
========================================================================
Received Import Request.
  Time since last request: 24.471480 seconds.
  path: Assets/Sprites/Items/Ingredientes/Carne.png
  artifactKey: Guid(f2c6ba732ccd7304da1050a401542b76) Importer(815301076,1909f56bfc062723c751e8b465ee728b)
Start importing Assets/Sprites/Items/Ingredientes/Carne.png using Guid(f2c6ba732ccd7304da1050a401542b76) Importer(815301076,1909f56bfc062723c751e8b465ee728b)  -> (artifact id: '7195d262ccdc8be0ae6395276bf15246') in 0.025494 seconds 
========================================================================
Received Import Request.
  Time since last request: 0.000038 seconds.
  path: Assets/Sprites/Personajes/NPC/Princess/SeparateAnim/Dead.png
  artifactKey: Guid(236ec1eebeecc6145b47a5062615b1f7) Importer(815301076,1909f56bfc062723c751e8b465ee728b)
Start importing Assets/Sprites/Personajes/NPC/Princess/SeparateAnim/Dead.png using Guid(236ec1eebeecc6145b47a5062615b1f7) Importer(815301076,1909f56bfc062723c751e8b465ee728b)  -> (artifact id: '9b38edfe28fe20c6702e756b7a5d14f0') in 0.017542 seconds 
========================================================================
Received Import Request.
  Time since last request: 0.000024 seconds.
  path: Assets/Sprites/Personajes/Enemigos/Enemigo_3.png
  artifactKey: Guid(cbcb22a6f9853424ba0d2ded6bd2e61d) Importer(815301076,1909f56bfc062723c751e8b465ee728b)
Start importing Assets/Sprites/Personajes/Enemigos/Enemigo_3.png using Guid(cbcb22a6f9853424ba0d2ded6bd2e61d) Importer(815301076,1909f56bfc062723c751e8b465ee728b)  -> (artifact id: '0ddeb5a2394c572e9f8407c76bf469d3') in 0.016100 seconds 
========================================================================
Received Import Request.
  Time since last request: 0.000112 seconds.
  path: Assets/Sprites/Personajes/Enemigos/Enemigo_1.png
  artifactKey: Guid(0a0f13ebc99b2a74d9da4bd431822eeb) Importer(815301076,1909f56bfc062723c751e8b465ee728b)
Start importing Assets/Sprites/Personajes/Enemigos/Enemigo_1.png using Guid(0a0f13ebc99b2a74d9da4bd431822eeb) Importer(815301076,1909f56bfc062723c751e8b465ee728b)  -> (artifact id: '55dbcc0e779707c8407691e60723dc32') in 0.017980 seconds 
========================================================================
Received Import Request.
  Time since last request: 0.000050 seconds.
  path: Assets/Sprites/Personajes/NPC/Inspector/SeparateAnim/Dead.png
  artifactKey: Guid(b2a13a86f2ca200479321212268d4c44) Importer(815301076,1909f56bfc062723c751e8b465ee728b)
Start importing Assets/Sprites/Personajes/NPC/Inspector/SeparateAnim/Dead.png using Guid(b2a13a86f2ca200479321212268d4c44) Importer(815301076,1909f56bfc062723c751e8b465ee728b)  -> (artifact id: '615c100fb7952dd4f91b5edc003260b9') in 0.016252 seconds 
========================================================================
Received Import Request.
  Time since last request: 0.000034 seconds.
  path: Assets/Sprites/Personajes/NPC/OldMan3/SeparateAnim/Dead.png
  artifactKey: Guid(34ef03d9c9939d84b94f794ccb7d1edc) Importer(815301076,1909f56bfc062723c751e8b465ee728b)
Start importing Assets/Sprites/Personajes/NPC/OldMan3/SeparateAnim/Dead.png using Guid(34ef03d9c9939d84b94f794ccb7d1edc) Importer(815301076,1909f56bfc062723c751e8b465ee728b)  -> (artifact id: 'b3c01dac99d68f475f09463b76e395a6') in 0.016033 seconds 
========================================================================
Received Import Request.
  Time since last request: 0.000034 seconds.
  path: Assets/Sprites/Personajes/NPC/Villager/SeparateAnim/Dead.png
  artifactKey: Guid(959aa2534db4d9e42acd8f98794925c4) Importer(815301076,1909f56bfc062723c751e8b465ee728b)
Start importing Assets/Sprites/Personajes/NPC/Villager/SeparateAnim/Dead.png using Guid(959aa2534db4d9e42acd8f98794925c4) Importer(815301076,1909f56bfc062723c751e8b465ee728b)  -> (artifact id: 'e88835554b2ef2eb4a0bcb2b0890b518') in 0.014630 seconds 
========================================================================
Received Import Request.
  Time since last request: 0.000037 seconds.
  path: Assets/Sprites/Personajes/NPC/Villager3/SeparateAnim/Dead.png
  artifactKey: Guid(5974ca967650d83469ea6f48a0f9c97b) Importer(815301076,1909f56bfc062723c751e8b465ee728b)
Start importing Assets/Sprites/Personajes/NPC/Villager3/SeparateAnim/Dead.png using Guid(5974ca967650d83469ea6f48a0f9c97b) Importer(815301076,1909f56bfc062723c751e8b465ee728b)  -> (artifact id: 'babff7b5a1ecfbe780947fc6a58e3302') in 0.018443 seconds 
========================================================================
Received Import Request.
  Time since last request: 0.000045 seconds.
  path: Assets/Sprites/Personajes/Enemigos/Enemigo_2.png
  artifactKey: Guid(f8ae4e354fa19d34aa2fcf7847199c22) Importer(815301076,1909f56bfc062723c751e8b465ee728b)
Start importing Assets/Sprites/Personajes/Enemigos/Enemigo_2.png using Guid(f8ae4e354fa19d34aa2fcf7847199c22) Importer(815301076,1909f56bfc062723c751e8b465ee728b)  -> (artifact id: '2daff3b9a2f7faf7ec38fdf8938371a5') in 0.015180 seconds 
========================================================================
Received Import Request.
  Time since last request: 0.000025 seconds.
  path: Assets/Sprites/Personajes/Enemigos/EnemigoMuerto.png
  artifactKey: Guid(71efa5b9e4018604ab62a81c39ec9606) Importer(815301076,1909f56bfc062723c751e8b465ee728b)
Start importing Assets/Sprites/Personajes/Enemigos/EnemigoMuerto.png using Guid(71efa5b9e4018604ab62a81c39ec9606) Importer(815301076,1909f56bfc062723c751e8b465ee728b)  -> (artifact id: 'a9d82b576fffb14e801b5980e983c7a1') in 0.015416 seconds 
========================================================================
Received Import Request.
  Time since last request: 2.883457 seconds.
  path: Assets/Sprites/Personajes/NPC/Woman/Faceset.png
  artifactKey: Guid(50da7a89dd8129649b53dd4b6802b6c1) Importer(815301076,1909f56bfc062723c751e8b465ee728b)
Start importing Assets/Sprites/Personajes/NPC/Woman/Faceset.png using Guid(50da7a89dd8129649b53dd4b6802b6c1) Importer(815301076,1909f56bfc062723c751e8b465ee728b)  -> (artifact id: 'bd6a4ae357cceaefd2f7010926f2c465') in 0.023157 seconds 
========================================================================
Received Import Request.
  Time since last request: 0.000026 seconds.
  path: Assets/Sprites/Personajes/NPC/Villager3/Faceset.png
  artifactKey: Guid(7fd0bd3c0a118fe408e43787f5c33aaa) Importer(815301076,1909f56bfc062723c751e8b465ee728b)
Start importing Assets/Sprites/Personajes/NPC/Villager3/Faceset.png using Guid(7fd0bd3c0a118fe408e43787f5c33aaa) Importer(815301076,1909f56bfc062723c751e8b465ee728b)  -> (artifact id: '62addc223194a0d029c9418a09c0b501') in 0.016549 seconds 
========================================================================
Received Import Request.
  Time since last request: 0.000043 seconds.
  path: Assets/Sprites/Personajes/NPC/Herrero/Faceset.png
  artifactKey: Guid(31afba58e7749354e84d6e68734e44c1) Importer(815301076,1909f56bfc062723c751e8b465ee728b)
Start importing Assets/Sprites/Personajes/NPC/Herrero/Faceset.png using Guid(31afba58e7749354e84d6e68734e44c1) Importer(815301076,1909f56bfc062723c751e8b465ee728b)  -> (artifact id: '8d8b847b9cf2cff015f22fd0d8f51bae') in 0.016475 seconds 
========================================================================
Received Import Request.
  Time since last request: 0.000023 seconds.
  path: Assets/Sprites/Personajes/NPC/Comerciante/Faceset.png
  artifactKey: Guid(ff4c013580c2bdc44951f3dc4efdbeb3) Importer(815301076,1909f56bfc062723c751e8b465ee728b)
Start importing Assets/Sprites/Personajes/NPC/Comerciante/Faceset.png using Guid(ff4c013580c2bdc44951f3dc4efdbeb3) Importer(815301076,1909f56bfc062723c751e8b465ee728b)  -> (artifact id: '5cd44dbd95b56428999d88b453f616e8') in 0.015164 seconds 
========================================================================
Received Import Request.
  Time since last request: 0.000030 seconds.
  path: Assets/Sprites/Personajes/NPC/OldWoman/Faceset.png
  artifactKey: Guid(9bb854bff578a9848bb5ab65bcacc7e8) Importer(815301076,1909f56bfc062723c751e8b465ee728b)
Start importing Assets/Sprites/Personajes/NPC/OldWoman/Faceset.png using Guid(9bb854bff578a9848bb5ab65bcacc7e8) Importer(815301076,1909f56bfc062723c751e8b465ee728b)  -> (artifact id: '1a2ba54d26043823a4bb908fb327b20f') in 0.016254 seconds 
========================================================================
Received Import Request.
  Time since last request: 0.000023 seconds.
  path: Assets/Sprites/Items/Armas/Hueso.png
  artifactKey: Guid(05dc0d5eb885e5f4a883cdd2ab99b318) Importer(815301076,1909f56bfc062723c751e8b465ee728b)
Start importing Assets/Sprites/Items/Armas/Hueso.png using Guid(05dc0d5eb885e5f4a883cdd2ab99b318) Importer(815301076,1909f56bfc062723c751e8b465ee728b)  -> (artifact id: 'c8c9bae727806883a749278ef5a705c9') in 0.016803 seconds 
========================================================================
Received Import Request.
  Time since last request: 0.000034 seconds.
  path: Assets/Sprites/Personajes/NPC/Princess/Faceset.png
  artifactKey: Guid(96e54746dcc5afc4a938b1f40bf02d2f) Importer(815301076,1909f56bfc062723c751e8b465ee728b)
Start importing Assets/Sprites/Personajes/NPC/Princess/Faceset.png using Guid(96e54746dcc5afc4a938b1f40bf02d2f) Importer(815301076,1909f56bfc062723c751e8b465ee728b)  -> (artifact id: 'c5039edcbb294d79a96ea163c24a5650') in 0.015101 seconds 
========================================================================
Received Import Request.
  Time since last request: 0.000020 seconds.
  path: Assets/Sprites/Personajes/NPC/Villager4/Faceset.png
  artifactKey: Guid(72b7fa761a6e85542bc5c75bcf7b4386) Importer(815301076,1909f56bfc062723c751e8b465ee728b)
Start importing Assets/Sprites/Personajes/NPC/Villager4/Faceset.png using Guid(72b7fa761a6e85542bc5c75bcf7b4386) Importer(815301076,1909f56bfc062723c751e8b465ee728b)  -> (artifact id: '70942351124c718374c76a6c917bf881') in 0.012966 seconds 
========================================================================
Received Import Request.
  Time since last request: 14.883483 seconds.
  path: Assets/Sprites/Mapa/Mapa_Tierra.png
  artifactKey: Guid(01af978ffdad8ba4e98b610a4ade9bf1) Importer(815301076,1909f56bfc062723c751e8b465ee728b)
Start importing Assets/Sprites/Mapa/Mapa_Tierra.png using Guid(01af978ffdad8ba4e98b610a4ade9bf1) Importer(815301076,1909f56bfc062723c751e8b465ee728b)  -> (artifact id: '55534fb4c49778201268cd4a4215139d') in 0.032291 seconds 
========================================================================
Received Import Request.
  Time since last request: 0.000035 seconds.
  path: Assets/Sprites/Items/Ingredientes/Miel.png
  artifactKey: Guid(a43f7ed040eac0d4aa645f6ddc404a66) Importer(815301076,1909f56bfc062723c751e8b465ee728b)
Start importing Assets/Sprites/Items/Ingredientes/Miel.png using Guid(a43f7ed040eac0d4aa645f6ddc404a66) Importer(815301076,1909f56bfc062723c751e8b465ee728b)  -> (artifact id: 'bd8e7ee66ecdf60c8c8efd105047f0c6') in 0.015671 seconds 
========================================================================
Received Import Request.
  Time since last request: 0.000036 seconds.
  path: Assets/Sprites/Items/Pociones/Medipack.png
  artifactKey: Guid(c561696727919354c8a5b6cb54f70106) Importer(815301076,1909f56bfc062723c751e8b465ee728b)
Start importing Assets/Sprites/Items/Pociones/Medipack.png using Guid(c561696727919354c8a5b6cb54f70106) Importer(815301076,1909f56bfc062723c751e8b465ee728b)  -> (artifact id: '9636c7b84fd6f9b6fb5eaa7a3548295b') in 0.020556 seconds 
========================================================================
Received Import Request.
  Time since last request: 0.000040 seconds.
  path: Assets/Sprites/Items/Pociones/PocionEspecial.png
  artifactKey: Guid(14102e3a427184148834995eeacd72d2) Importer(815301076,1909f56bfc062723c751e8b465ee728b)
Start importing Assets/Sprites/Items/Pociones/PocionEspecial.png using Guid(14102e3a427184148834995eeacd72d2) Importer(815301076,1909f56bfc062723c751e8b465ee728b)  -> (artifact id: '69c3a265b952cf06f7eded9a829e06ad') in 0.016264 seconds 
========================================================================
Received Import Request.
  Time since last request: 0.000026 seconds.
  path: Assets/Sprites/Proyectiles/PicoHierba.png
  artifactKey: Guid(62b817cfa6b620f45bb694afe524c131) Importer(815301076,1909f56bfc062723c751e8b465ee728b)
Start importing Assets/Sprites/Proyectiles/PicoHierba.png using Guid(62b817cfa6b620f45bb694afe524c131) Importer(815301076,1909f56bfc062723c751e8b465ee728b)  -> (artifact id: '70385f006ea13f55350d053d56fcc256') in 0.017901 seconds 
========================================================================
Received Import Request.
  Time since last request: 0.000033 seconds.
  path: Assets/Sprites/Items/Pociones/PocionMana.png
  artifactKey: Guid(bf0a7740588627a428b1334c51cf6a6a) Importer(815301076,1909f56bfc062723c751e8b465ee728b)
Start importing Assets/Sprites/Items/Pociones/PocionMana.png using Guid(bf0a7740588627a428b1334c51cf6a6a) Importer(815301076,1909f56bfc062723c751e8b465ee728b)  -> (artifact id: '2a9626bd9f918bad9e4d1b36734d2e54') in 0.017213 seconds 
Editor requested this worker to shutdown with reason: Scaling down because of idle timeout
AssetImportWorker is now disconnected from the server
Process exiting
Exiting without the bug reporter. Application will terminate with return code 0